2025-06-24 13:06:00,007 - MainThread - update_image called
2025-06-24 13:06:00,188 - MainThread - blur attempting to aquire data lock
2025-06-24 13:06:00,189 - MainThread - blur aquired data lock
2025-06-24 13:06:00,189 - MainThread - blur released data lock
2025-06-24 13:06:00,198 - MainThread - rand attempting to aquire data lock: Place the Red Stick in Hole B2
2025-06-24 13:06:00,198 - MainThread - rand data lock aquired
2025-06-24 13:06:00,199 - MainThread - rand data lock released
2025-06-24 13:06:00,199 - MainThread - update_image completed
2025-06-24 13:06:08,045 - Thread-1 (arduino_connect) - arduino_connect attempting to aquire data lock
2025-06-24 13:06:08,061 - Thread-1 (arduino_connect) - arduino_connect aquired data lock
2025-06-24 13:06:08,062 - Thread-1 (arduino_connect) - arduino_connect released data lock
2025-06-24 13:06:08,062 - Thread-3 (process_arduino_data) - process_arduino_data received data: hole=A5, stick=Yellow
2025-06-24 13:06:08,062 - Thread-3 (process_arduino_data) - process_arduino_data attempting to aquire data lock
2025-06-24 13:06:08,062 - Thread-3 (process_arduino_data) - process_arduino_data aquired data lock
2025-06-24 13:06:08,130 - Thread-2 (update_image_threading) - update_image called
2025-06-24 13:06:08,847 - Thread-2 (update_image_threading) - blur attempting to aquire data lock
2025-06-24 13:06:08,897 - Thread-2 (update_image_threading) - blur aquired data lock
2025-06-24 13:06:08,897 - Thread-2 (update_image_threading) - blur released data lock
2025-06-24 13:06:09,147 - Thread-2 (update_image_threading) - rand attempting to aquire data lock: Place the Red Stick in Hole A1
2025-06-24 13:06:09,180 - Thread-2 (update_image_threading) - rand data lock aquired
2025-06-24 13:06:09,180 - Thread-2 (update_image_threading) - rand data lock released
2025-06-24 13:06:09,231 - Thread-2 (update_image_threading) - update_image completed
2025-06-24 13:06:09,247 - Thread-2 (update_image_threading) - update_image_threading attempting to aquire data lock
2025-06-24 13:06:09,247 - Thread-2 (update_image_threading) - update_image_threading aquired data lock
2025-06-24 13:06:09,247 - Thread-2 (update_image_threading) - rand attempting to aquire data lock: Place the Red Stick in Hole C1
2025-06-24 13:06:09,247 - Thread-2 (update_image_threading) - rand data lock aquired
2025-06-24 13:06:09,248 - Thread-2 (update_image_threading) - rand data lock released
2025-06-24 13:06:09,297 - Thread-2 (update_image_threading) - update_image_threading released data lock
2025-06-24 13:06:12,861 - Thread-1 (arduino_connect) - arduino_connect attempting to aquire data lock
2025-06-24 13:06:12,877 - Thread-1 (arduino_connect) - arduino_connect aquired data lock
2025-06-24 13:06:12,877 - Thread-1 (arduino_connect) - arduino_connect released data lock
2025-06-24 13:06:12,877 - Thread-3 (process_arduino_data) - process_arduino_data received data: hole=A8, stick=Yellow
2025-06-24 13:06:12,877 - Thread-3 (process_arduino_data) - process_arduino_data attempting to aquire data lock
2025-06-24 13:06:12,877 - Thread-3 (process_arduino_data) - process_arduino_data aquired data lock
2025-06-24 13:06:12,883 - Thread-2 (update_image_threading) - update_image called
2025-06-24 13:06:13,380 - Thread-2 (update_image_threading) - blur attempting to aquire data lock
2025-06-24 13:06:13,396 - Thread-2 (update_image_threading) - blur aquired data lock
2025-06-24 13:06:13,396 - Thread-2 (update_image_threading) - blur released data lock
2025-06-24 13:06:13,714 - Thread-2 (update_image_threading) - rand attempting to aquire data lock: Place the Red Stick in Hole B2
2025-06-24 13:06:13,747 - Thread-2 (update_image_threading) - rand data lock aquired
2025-06-24 13:06:13,747 - Thread-2 (update_image_threading) - rand data lock released
2025-06-24 13:06:13,814 - Thread-2 (update_image_threading) - update_image completed
2025-06-24 13:06:13,831 - Thread-2 (update_image_threading) - update_image_threading attempting to aquire data lock
2025-06-24 13:06:13,864 - Thread-2 (update_image_threading) - update_image_threading aquired data lock
2025-06-24 13:06:13,864 - Thread-2 (update_image_threading) - rand attempting to aquire data lock: Place the Red Stick in Hole D1
2025-06-24 13:06:13,881 - Thread-2 (update_image_threading) - rand data lock aquired
2025-06-24 13:06:13,881 - Thread-2 (update_image_threading) - rand data lock released
2025-06-24 13:06:13,997 - Thread-2 (update_image_threading) - update_image_threading released data lock
2025-06-24 13:09:28,903 - MainThread - update_image called
2025-06-24 13:09:29,091 - MainThread - blur attempting to aquire data lock
2025-06-24 13:09:29,091 - MainThread - blur aquired data lock
2025-06-24 13:09:29,091 - MainThread - blur released data lock
2025-06-24 13:09:29,107 - MainThread - rand attempting to aquire data lock: Place the Red Stick in Hole B3
2025-06-24 13:09:29,107 - MainThread - rand data lock aquired
2025-06-24 13:09:29,107 - MainThread - rand data lock released
2025-06-24 13:09:29,107 - MainThread - update_image completed
2025-06-24 13:09:38,048 - Thread-1 (arduino_connect) - arduino_connect attempting to aquire data lock
2025-06-24 13:09:38,048 - Thread-1 (arduino_connect) - arduino_connect aquired data lock
2025-06-24 13:09:38,048 - Thread-1 (arduino_connect) - arduino_connect released data lock
2025-06-24 13:09:38,048 - Thread-3 (process_arduino_data) - process_arduino_data received data: hole=A6, stick=Yellow
2025-06-24 13:09:38,048 - Thread-3 (process_arduino_data) - process_arduino_data attempting to aquire data lock
2025-06-24 13:09:38,048 - Thread-3 (process_arduino_data) - process_arduino_data aquired data lock
2025-06-24 13:09:38,085 - Thread-2 (update_image_threading) - update_image called
2025-06-24 13:09:38,869 - Thread-2 (update_image_threading) - blur attempting to aquire data lock
2025-06-24 13:09:38,886 - Thread-2 (update_image_threading) - blur aquired data lock
2025-06-24 13:09:38,886 - Thread-2 (update_image_threading) - blur released data lock
2025-06-24 13:09:39,136 - Thread-2 (update_image_threading) - rand attempting to aquire data lock: Place the Red Stick in Hole C3
2025-06-24 13:09:39,152 - Thread-2 (update_image_threading) - rand data lock aquired
2025-06-24 13:09:39,152 - Thread-2 (update_image_threading) - rand data lock released
2025-06-24 13:09:39,219 - Thread-2 (update_image_threading) - update_image completed
2025-06-24 13:09:39,237 - Thread-2 (update_image_threading) - update_image_threading attempting to aquire data lock
2025-06-24 13:09:39,269 - Thread-2 (update_image_threading) - update_image_threading aquired data lock
2025-06-24 13:09:39,269 - Thread-2 (update_image_threading) - rand attempting to aquire data lock: Place the Red Stick in Hole D1
2025-06-24 13:09:39,286 - Thread-2 (update_image_threading) - rand data lock aquired
2025-06-24 13:09:39,286 - Thread-2 (update_image_threading) - rand data lock released
2025-06-24 13:09:39,372 - Thread-2 (update_image_threading) - update_image_threading released data lock
2025-06-24 13:09:46,724 - Thread-1 (arduino_connect) - arduino_connect attempting to aquire data lock
2025-06-24 13:09:46,740 - Thread-1 (arduino_connect) - arduino_connect aquired data lock
2025-06-24 13:09:46,740 - Thread-1 (arduino_connect) - arduino_connect released data lock
2025-06-24 13:09:46,740 - Thread-3 (process_arduino_data) - process_arduino_data received data: hole=A12, stick=Yellow
2025-06-24 13:09:46,740 - Thread-3 (process_arduino_data) - process_arduino_data attempting to aquire data lock
2025-06-24 13:09:46,740 - Thread-3 (process_arduino_data) - process_arduino_data aquired data lock
2025-06-24 13:09:46,760 - Thread-2 (update_image_threading) - update_image called
2025-06-24 13:09:47,387 - Thread-2 (update_image_threading) - blur attempting to aquire data lock
2025-06-24 13:09:47,415 - Thread-2 (update_image_threading) - blur aquired data lock
2025-06-24 13:09:47,415 - Thread-2 (update_image_threading) - blur released data lock
2025-06-24 13:09:47,620 - Thread-2 (update_image_threading) - rand attempting to aquire data lock: Place the Red Stick in Hole C3
2025-06-24 13:09:47,636 - Thread-2 (update_image_threading) - rand data lock aquired
2025-06-24 13:09:47,636 - Thread-2 (update_image_threading) - rand data lock released
2025-06-24 13:09:47,669 - Thread-2 (update_image_threading) - update_image completed
2025-06-24 13:09:47,704 - Thread-2 (update_image_threading) - update_image_threading attempting to aquire data lock
2025-06-24 13:09:47,753 - Thread-2 (update_image_threading) - update_image_threading aquired data lock
2025-06-24 13:09:47,754 - Thread-2 (update_image_threading) - rand attempting to aquire data lock: Place the Red Stick in Hole A2
2025-06-24 13:09:47,770 - Thread-2 (update_image_threading) - rand data lock aquired
2025-06-24 13:09:47,770 - Thread-2 (update_image_threading) - rand data lock released
2025-06-24 13:09:47,819 - Thread-2 (update_image_threading) - update_image_threading released data lock
2025-06-24 13:12:19,639 - MainThread - update_image called
2025-06-24 13:12:19,830 - MainThread - blur attempting to aquire data lock
2025-06-24 13:12:19,831 - MainThread - blur aquired data lock
2025-06-24 13:12:19,831 - MainThread - blur released data lock
2025-06-24 13:12:19,837 - MainThread - rand attempting to aquire data lock: Place the Red Stick in Hole A4
2025-06-24 13:12:19,837 - MainThread - rand data lock aquired
2025-06-24 13:12:19,837 - MainThread - rand data lock released
2025-06-24 13:12:19,837 - MainThread - update_image completed
2025-06-24 13:12:26,479 - Thread-1 (arduino_connect) - arduino_connect attempting to aquire data lock
2025-06-24 13:12:26,495 - Thread-1 (arduino_connect) - arduino_connect aquired data lock
2025-06-24 13:12:26,495 - Thread-1 (arduino_connect) - arduino_connect released data lock
2025-06-24 13:12:26,495 - Thread-3 (process_arduino_data) - process_arduino_data received data: hole=A3, stick=Yellow
2025-06-24 13:12:26,495 - Thread-3 (process_arduino_data) - process_arduino_data attempting to aquire data lock
2025-06-24 13:12:26,495 - Thread-3 (process_arduino_data) - process_arduino_data aquired data lock
2025-06-24 13:12:26,548 - Thread-2 (update_image_threading) - update_image called
2025-06-24 13:12:27,290 - Thread-2 (update_image_threading) - blur attempting to aquire data lock
2025-06-24 13:12:27,324 - Thread-2 (update_image_threading) - blur aquired data lock
2025-06-24 13:12:27,324 - Thread-2 (update_image_threading) - blur released data lock
2025-06-24 13:12:27,591 - Thread-2 (update_image_threading) - rand attempting to aquire data lock: Place the Red Stick in Hole B1
2025-06-24 13:12:27,608 - Thread-2 (update_image_threading) - rand data lock aquired
2025-06-24 13:12:27,608 - Thread-2 (update_image_threading) - rand data lock released
2025-06-24 13:12:27,641 - Thread-2 (update_image_threading) - update_image completed
2025-06-24 13:12:27,657 - Thread-2 (update_image_threading) - update_image_threading attempting to aquire data lock
2025-06-24 13:12:27,663 - Thread-2 (update_image_threading) - update_image_threading aquired data lock
2025-06-24 13:12:27,663 - Thread-2 (update_image_threading) - update_image_threading released data lock
2025-06-24 13:12:31,143 - Thread-1 (arduino_connect) - arduino_connect attempting to aquire data lock
2025-06-24 13:12:31,143 - Thread-1 (arduino_connect) - arduino_connect aquired data lock
2025-06-24 13:12:31,143 - Thread-1 (arduino_connect) - arduino_connect released data lock
2025-06-24 13:12:31,143 - Thread-3 (process_arduino_data) - process_arduino_data received data: hole=A4, stick=Yellow
2025-06-24 13:12:31,143 - Thread-3 (process_arduino_data) - process_arduino_data attempting to aquire data lock
2025-06-24 13:12:31,143 - Thread-3 (process_arduino_data) - process_arduino_data aquired data lock
2025-06-24 13:12:31,195 - Thread-2 (update_image_threading) - update_image called
2025-06-24 13:12:31,840 - Thread-2 (update_image_threading) - blur attempting to aquire data lock
2025-06-24 13:12:31,857 - Thread-2 (update_image_threading) - blur aquired data lock
2025-06-24 13:12:31,858 - Thread-2 (update_image_threading) - blur released data lock
2025-06-24 13:12:32,224 - Thread-2 (update_image_threading) - rand attempting to aquire data lock: Place the Red Stick in Hole D1
2025-06-24 13:12:32,240 - Thread-2 (update_image_threading) - rand data lock aquired
2025-06-24 13:12:32,241 - Thread-2 (update_image_threading) - rand data lock released
2025-06-24 13:12:32,257 - Thread-2 (update_image_threading) - update_image completed
2025-06-24 13:12:32,257 - Thread-2 (update_image_threading) - update_image_threading attempting to aquire data lock
2025-06-24 13:12:32,257 - Thread-2 (update_image_threading) - update_image_threading aquired data lock
2025-06-24 13:12:32,257 - Thread-2 (update_image_threading) - update_image_threading released data lock
2025-06-24 13:12:36,120 - Thread-1 (arduino_connect) - arduino_connect attempting to aquire data lock
2025-06-24 13:12:36,120 - Thread-1 (arduino_connect) - arduino_connect aquired data lock
2025-06-24 13:12:36,120 - Thread-1 (arduino_connect) - arduino_connect released data lock
2025-06-24 13:12:36,120 - Thread-3 (process_arduino_data) - process_arduino_data received data: hole=A12, stick=Yellow
2025-06-24 13:12:36,120 - Thread-3 (process_arduino_data) - process_arduino_data attempting to aquire data lock
2025-06-24 13:12:36,120 - Thread-3 (process_arduino_data) - process_arduino_data aquired data lock
2025-06-24 13:12:36,221 - Thread-2 (update_image_threading) - update_image called
2025-06-24 13:12:37,241 - Thread-2 (update_image_threading) - blur attempting to aquire data lock
2025-06-24 13:12:37,274 - Thread-2 (update_image_threading) - blur aquired data lock
2025-06-24 13:12:37,274 - Thread-2 (update_image_threading) - blur released data lock
2025-06-24 13:12:37,539 - Thread-2 (update_image_threading) - rand attempting to aquire data lock: Place the Red Stick in Hole D3
2025-06-24 13:12:37,555 - Thread-2 (update_image_threading) - rand data lock aquired
2025-06-24 13:12:37,555 - Thread-2 (update_image_threading) - rand data lock released
2025-06-24 13:12:37,603 - Thread-2 (update_image_threading) - update_image completed
2025-06-24 13:12:37,603 - Thread-2 (update_image_threading) - update_image_threading attempting to aquire data lock
2025-06-24 13:12:37,603 - Thread-2 (update_image_threading) - update_image_threading aquired data lock
2025-06-24 13:12:37,603 - Thread-2 (update_image_threading) - update_image_threading released data lock
2025-06-24 13:12:41,472 - Thread-1 (arduino_connect) - arduino_connect attempting to aquire data lock
2025-06-24 13:12:41,472 - Thread-1 (arduino_connect) - arduino_connect aquired data lock
2025-06-24 13:12:41,472 - Thread-1 (arduino_connect) - arduino_connect released data lock
2025-06-24 13:12:41,472 - Thread-3 (process_arduino_data) - process_arduino_data received data: hole=A14, stick=Yellow
2025-06-24 13:12:41,472 - Thread-3 (process_arduino_data) - process_arduino_data attempting to aquire data lock
2025-06-24 13:12:41,472 - Thread-3 (process_arduino_data) - process_arduino_data aquired data lock
2025-06-24 13:12:41,557 - Thread-2 (update_image_threading) - update_image called
2025-06-24 13:12:42,276 - Thread-2 (update_image_threading) - blur attempting to aquire data lock
2025-06-24 13:12:42,290 - Thread-2 (update_image_threading) - blur aquired data lock
2025-06-24 13:12:42,290 - Thread-2 (update_image_threading) - blur released data lock
2025-06-24 13:12:42,574 - Thread-2 (update_image_threading) - rand attempting to aquire data lock: Place the Red Stick in Hole D2
2025-06-24 13:12:42,607 - Thread-2 (update_image_threading) - rand data lock aquired
2025-06-24 13:12:42,608 - Thread-2 (update_image_threading) - rand data lock released
2025-06-24 13:12:42,741 - Thread-2 (update_image_threading) - update_image completed
2025-06-24 13:12:42,757 - Thread-2 (update_image_threading) - update_image_threading attempting to aquire data lock
2025-06-24 13:12:42,774 - Thread-2 (update_image_threading) - update_image_threading aquired data lock
2025-06-24 13:12:42,774 - Thread-2 (update_image_threading) - update_image_threading released data lock
2025-06-24 13:12:46,288 - Thread-1 (arduino_connect) - arduino_connect attempting to aquire data lock
2025-06-24 13:12:46,288 - Thread-1 (arduino_connect) - arduino_connect aquired data lock
2025-06-24 13:12:46,288 - Thread-1 (arduino_connect) - arduino_connect released data lock
2025-06-24 13:12:46,288 - Thread-3 (process_arduino_data) - process_arduino_data received data: hole=A13, stick=Yellow
2025-06-24 13:12:46,288 - Thread-3 (process_arduino_data) - process_arduino_data attempting to aquire data lock
2025-06-24 13:12:46,288 - Thread-3 (process_arduino_data) - process_arduino_data aquired data lock
2025-06-24 13:13:25,893 - MainThread - update_image called
2025-06-24 13:13:26,102 - MainThread - blur attempting to aquire data lock
2025-06-24 13:13:26,104 - MainThread - blur aquired data lock
2025-06-24 13:13:26,104 - MainThread - blur released data lock
2025-06-24 13:13:26,113 - MainThread - rand attempting to aquire data lock: Place the Red Stick in Hole A2
2025-06-24 13:13:26,113 - MainThread - rand data lock aquired
2025-06-24 13:13:26,113 - MainThread - rand data lock released
2025-06-24 13:13:26,113 - MainThread - update_image completed
2025-06-24 13:13:31,640 - Thread-1 (arduino_connect) - arduino_connect attempting to aquire data lock
2025-06-24 13:13:31,656 - Thread-1 (arduino_connect) - arduino_connect aquired data lock
2025-06-24 13:13:31,656 - Thread-1 (arduino_connect) - arduino_connect released data lock
2025-06-24 13:13:31,656 - Thread-3 (process_arduino_data) - process_arduino_data received data: hole=A1, stick=Yellow
2025-06-24 13:13:31,656 - Thread-3 (process_arduino_data) - process_arduino_data attempting to aquire data lock
2025-06-24 13:13:31,656 - Thread-3 (process_arduino_data) - process_arduino_data aquired data lock
2025-06-24 13:13:31,693 - Thread-2 (update_image_threading) - update_image called
2025-06-24 13:13:32,325 - Thread-2 (update_image_threading) - blur attempting to aquire data lock
2025-06-24 13:13:32,356 - Thread-2 (update_image_threading) - blur aquired data lock
2025-06-24 13:13:32,356 - Thread-2 (update_image_threading) - blur released data lock
2025-06-24 13:13:32,593 - Thread-2 (update_image_threading) - rand attempting to aquire data lock: Place the Red Stick in Hole A4
2025-06-24 13:13:32,609 - Thread-2 (update_image_threading) - rand data lock aquired
2025-06-24 13:13:32,609 - Thread-2 (update_image_threading) - rand data lock released
2025-06-24 13:13:32,704 - Thread-2 (update_image_threading) - update_image completed
2025-06-24 13:13:32,719 - Thread-2 (update_image_threading) - update_image_threading attempting to aquire data lock
2025-06-24 13:13:32,736 - Thread-2 (update_image_threading) - update_image_threading aquired data lock
2025-06-24 13:13:32,736 - Thread-2 (update_image_threading) - update_image_threading released data lock
2025-06-24 13:13:36,408 - Thread-1 (arduino_connect) - arduino_connect attempting to aquire data lock
2025-06-24 13:13:36,408 - Thread-1 (arduino_connect) - arduino_connect aquired data lock
2025-06-24 13:13:36,408 - Thread-1 (arduino_connect) - arduino_connect released data lock
2025-06-24 13:13:36,408 - Thread-3 (process_arduino_data) - process_arduino_data received data: hole=A3, stick=Yellow
2025-06-24 13:13:36,408 - Thread-3 (process_arduino_data) - process_arduino_data attempting to aquire data lock
2025-06-24 13:13:36,408 - Thread-3 (process_arduino_data) - process_arduino_data aquired data lock
2025-06-24 13:13:36,445 - Thread-2 (update_image_threading) - update_image called
2025-06-24 13:13:37,107 - Thread-2 (update_image_threading) - blur attempting to aquire data lock
2025-06-24 13:13:37,139 - Thread-2 (update_image_threading) - blur aquired data lock
2025-06-24 13:13:37,139 - Thread-2 (update_image_threading) - blur released data lock
2025-06-24 13:13:37,441 - Thread-2 (update_image_threading) - rand attempting to aquire data lock: Place the Red Stick in Hole A2
2025-06-24 13:13:37,441 - Thread-2 (update_image_threading) - rand data lock aquired
2025-06-24 13:13:37,441 - Thread-2 (update_image_threading) - rand data lock released
2025-06-24 13:13:37,457 - Thread-2 (update_image_threading) - update_image completed
2025-06-24 13:13:37,457 - Thread-2 (update_image_threading) - update_image_threading attempting to aquire data lock
2025-06-24 13:13:37,457 - Thread-2 (update_image_threading) - update_image_threading aquired data lock
2025-06-24 13:13:37,457 - Thread-2 (update_image_threading) - update_image_threading released data lock
2025-06-24 13:13:40,626 - Thread-1 (arduino_connect) - arduino_connect attempting to aquire data lock
2025-06-24 13:13:40,642 - Thread-1 (arduino_connect) - arduino_connect aquired data lock
2025-06-24 13:13:40,642 - Thread-1 (arduino_connect) - arduino_connect released data lock
2025-06-24 13:13:40,642 - Thread-3 (process_arduino_data) - process_arduino_data received data: hole=A1, stick=Yellow
2025-06-24 13:13:40,642 - Thread-3 (process_arduino_data) - process_arduino_data attempting to aquire data lock
2025-06-24 13:13:40,642 - Thread-3 (process_arduino_data) - process_arduino_data aquired data lock
2025-06-24 13:13:40,679 - Thread-2 (update_image_threading) - update_image called
2025-06-24 13:13:41,325 - Thread-2 (update_image_threading) - blur attempting to aquire data lock
2025-06-24 13:13:41,340 - Thread-2 (update_image_threading) - blur aquired data lock
2025-06-24 13:13:41,340 - Thread-2 (update_image_threading) - blur released data lock
2025-06-24 13:13:41,641 - Thread-2 (update_image_threading) - rand attempting to aquire data lock: Place the Red Stick in Hole C2
2025-06-24 13:13:41,688 - Thread-2 (update_image_threading) - rand data lock aquired
2025-06-24 13:13:41,688 - Thread-2 (update_image_threading) - rand data lock released
2025-06-24 13:13:41,752 - Thread-2 (update_image_threading) - update_image completed
2025-06-24 13:13:41,768 - Thread-2 (update_image_threading) - update_image_threading attempting to aquire data lock
2025-06-24 13:13:41,768 - Thread-2 (update_image_threading) - update_image_threading aquired data lock
2025-06-24 13:13:41,768 - Thread-2 (update_image_threading) - update_image_threading released data lock
2025-06-24 13:13:47,915 - Thread-1 (arduino_connect) - arduino_connect attempting to aquire data lock
2025-06-24 13:13:47,931 - Thread-1 (arduino_connect) - arduino_connect aquired data lock
2025-06-24 13:13:47,931 - Thread-1 (arduino_connect) - arduino_connect released data lock
2025-06-24 13:13:47,931 - Thread-3 (process_arduino_data) - process_arduino_data received data: hole=A9, stick=Yellow
2025-06-24 13:13:47,931 - Thread-3 (process_arduino_data) - process_arduino_data attempting to aquire data lock
2025-06-24 13:13:47,931 - Thread-3 (process_arduino_data) - process_arduino_data aquired data lock
2025-06-24 13:13:48,000 - Thread-2 (update_image_threading) - update_image called
2025-06-24 13:13:48,838 - Thread-2 (update_image_threading) - blur attempting to aquire data lock
2025-06-24 13:13:48,855 - Thread-2 (update_image_threading) - blur aquired data lock
2025-06-24 13:13:48,855 - Thread-2 (update_image_threading) - blur released data lock
2025-06-24 13:13:49,124 - Thread-2 (update_image_threading) - rand attempting to aquire data lock: Place the Red Stick in Hole C4
2025-06-24 13:13:49,140 - Thread-2 (update_image_threading) - rand data lock aquired
2025-06-24 13:13:49,140 - Thread-2 (update_image_threading) - rand data lock released
2025-06-24 13:13:49,219 - Thread-2 (update_image_threading) - update_image completed
2025-06-24 13:13:49,219 - Thread-2 (update_image_threading) - update_image_threading attempting to aquire data lock
2025-06-24 13:13:49,219 - Thread-2 (update_image_threading) - update_image_threading aquired data lock
2025-06-24 13:13:49,219 - Thread-2 (update_image_threading) - update_image_threading released data lock
2025-06-24 13:14:00,492 - MainThread - update_image called
2025-06-24 13:14:01,534 - MainThread - blur attempting to aquire data lock
2025-06-24 13:14:01,550 - MainThread - blur aquired data lock
2025-06-24 13:14:01,550 - MainThread - blur released data lock
2025-06-24 13:14:01,662 - MainThread - rand attempting to aquire data lock: Place the Red Stick in Hole D2
2025-06-24 13:14:01,662 - MainThread - rand data lock aquired
2025-06-24 13:14:01,662 - MainThread - rand data lock released
2025-06-24 13:14:01,662 - MainThread - update_image completed
2025-06-24 13:14:08,698 - Thread-1 (arduino_connect) - arduino_connect attempting to aquire data lock
2025-06-24 13:14:08,714 - Thread-1 (arduino_connect) - arduino_connect aquired data lock
2025-06-24 13:14:08,714 - Thread-1 (arduino_connect) - arduino_connect released data lock
2025-06-24 13:14:08,714 - Thread-3 (process_arduino_data) - process_arduino_data received data: hole=A13, stick=Yellow
2025-06-24 13:14:08,714 - Thread-3 (process_arduino_data) - process_arduino_data attempting to aquire data lock
2025-06-24 13:14:08,714 - Thread-3 (process_arduino_data) - process_arduino_data aquired data lock
2025-06-24 13:14:13,539 - Thread-1 (arduino_connect) - arduino_connect attempting to aquire data lock
2025-06-24 13:14:13,555 - Thread-1 (arduino_connect) - arduino_connect aquired data lock
2025-06-24 13:14:13,555 - Thread-1 (arduino_connect) - arduino_connect released data lock
2025-06-24 13:14:13,555 - Thread-3 (process_arduino_data) - process_arduino_data received data: hole=A9, stick=Yellow
2025-06-24 13:14:13,555 - Thread-3 (process_arduino_data) - process_arduino_data attempting to aquire data lock
2025-06-24 13:14:13,555 - Thread-3 (process_arduino_data) - process_arduino_data aquired data lock
2025-06-24 13:14:13,555 - Thread-3 (process_arduino_data) - process_arduino_data released data lock
2025-06-24 13:14:13,591 - Thread-2 (update_image_threading) - update_image_threading(incorrect user action) attempting to aquire data lock
2025-06-24 13:14:13,591 - Thread-2 (update_image_threading) - update_image_threading(incorrect user action) aquired data lock
2025-06-24 13:14:13,591 - Thread-2 (update_image_threading) - update_image_threading(incorrect user action) released data lock
2025-06-24 13:14:18,046 - Thread-1 (arduino_connect) - arduino_connect attempting to aquire data lock
2025-06-24 13:14:18,062 - Thread-1 (arduino_connect) - arduino_connect aquired data lock
2025-06-24 13:14:18,062 - Thread-1 (arduino_connect) - arduino_connect released data lock
2025-06-24 13:14:18,062 - Thread-3 (process_arduino_data) - process_arduino_data received data: hole=A13, stick=Yellow
2025-06-24 13:14:18,062 - Thread-3 (process_arduino_data) - process_arduino_data attempting to aquire data lock
2025-06-24 13:14:18,062 - Thread-3 (process_arduino_data) - process_arduino_data aquired data lock
2025-06-24 13:14:22,839 - Thread-1 (arduino_connect) - arduino_connect attempting to aquire data lock
2025-06-24 13:14:22,855 - Thread-1 (arduino_connect) - arduino_connect aquired data lock
2025-06-24 13:14:22,855 - Thread-1 (arduino_connect) - arduino_connect released data lock
2025-06-24 13:14:22,855 - Thread-3 (process_arduino_data) - process_arduino_data received data: hole=A13, stick=Yellow
2025-06-24 13:14:22,855 - Thread-3 (process_arduino_data) - process_arduino_data attempting to aquire data lock
2025-06-24 13:14:22,855 - Thread-3 (process_arduino_data) - process_arduino_data aquired data lock
2025-06-24 13:14:25,690 - Thread-1 (arduino_connect) - arduino_connect attempting to aquire data lock
2025-06-24 13:14:25,706 - Thread-1 (arduino_connect) - arduino_connect aquired data lock
2025-06-24 13:14:25,706 - Thread-1 (arduino_connect) - arduino_connect released data lock
2025-06-24 13:14:25,706 - Thread-3 (process_arduino_data) - process_arduino_data received data: hole=A14, stick=Yellow
2025-06-24 13:14:25,706 - Thread-3 (process_arduino_data) - process_arduino_data attempting to aquire data lock
2025-06-24 13:14:25,706 - Thread-3 (process_arduino_data) - process_arduino_data aquired data lock
2025-06-24 13:14:25,706 - Thread-3 (process_arduino_data) - process_arduino_data released data lock
2025-06-24 13:14:25,791 - Thread-2 (update_image_threading) - update_image_threading(incorrect user action) attempting to aquire data lock
2025-06-24 13:14:25,791 - Thread-2 (update_image_threading) - update_image_threading(incorrect user action) aquired data lock
2025-06-24 13:14:25,791 - Thread-2 (update_image_threading) - update_image_threading(incorrect user action) released data lock
2025-06-24 13:14:28,901 - Thread-1 (arduino_connect) - arduino_connect attempting to aquire data lock
2025-06-24 13:14:28,917 - Thread-1 (arduino_connect) - arduino_connect aquired data lock
2025-06-24 13:14:28,917 - Thread-1 (arduino_connect) - arduino_connect released data lock
2025-06-24 13:14:28,917 - Thread-3 (process_arduino_data) - process_arduino_data received data: hole=A13, stick=Yellow
2025-06-24 13:14:28,917 - Thread-3 (process_arduino_data) - process_arduino_data attempting to aquire data lock
2025-06-24 13:14:28,917 - Thread-3 (process_arduino_data) - process_arduino_data aquired data lock
2025-06-24 13:14:30,888 - Thread-1 (arduino_connect) - arduino_connect attempting to aquire data lock
2025-06-24 13:14:30,904 - Thread-1 (arduino_connect) - arduino_connect aquired data lock
2025-06-24 13:14:30,904 - Thread-1 (arduino_connect) - arduino_connect released data lock
2025-06-24 13:14:30,904 - Thread-3 (process_arduino_data) - process_arduino_data received data: hole=A13, stick=Yellow
2025-06-24 13:14:30,904 - Thread-3 (process_arduino_data) - process_arduino_data attempting to aquire data lock
2025-06-24 13:14:30,904 - Thread-3 (process_arduino_data) - process_arduino_data aquired data lock
2025-06-24 13:14:33,247 - Thread-1 (arduino_connect) - arduino_connect attempting to aquire data lock
2025-06-24 13:14:33,262 - Thread-1 (arduino_connect) - arduino_connect aquired data lock
2025-06-24 13:14:33,262 - Thread-1 (arduino_connect) - arduino_connect released data lock
2025-06-24 13:14:33,262 - Thread-3 (process_arduino_data) - process_arduino_data received data: hole=A12, stick=Yellow
2025-06-24 13:14:33,262 - Thread-3 (process_arduino_data) - process_arduino_data attempting to aquire data lock
2025-06-24 13:14:33,262 - Thread-3 (process_arduino_data) - process_arduino_data aquired data lock
2025-06-24 13:14:33,262 - Thread-3 (process_arduino_data) - process_arduino_data released data lock
2025-06-24 13:14:33,316 - Thread-2 (update_image_threading) - update_image_threading(incorrect user action) attempting to aquire data lock
2025-06-24 13:14:33,316 - Thread-2 (update_image_threading) - update_image_threading(incorrect user action) aquired data lock
2025-06-24 13:14:33,316 - Thread-2 (update_image_threading) - update_image_threading(incorrect user action) released data lock
2025-06-24 13:14:44,641 - Thread-1 (arduino_connect) - arduino_connect attempting to aquire data lock
2025-06-24 13:14:44,657 - Thread-1 (arduino_connect) - arduino_connect aquired data lock
2025-06-24 13:14:44,657 - Thread-1 (arduino_connect) - arduino_connect released data lock
2025-06-24 13:14:44,657 - Thread-3 (process_arduino_data) - process_arduino_data received data: hole=A13, stick=Yellow
2025-06-24 13:14:44,657 - Thread-3 (process_arduino_data) - process_arduino_data attempting to aquire data lock
2025-06-24 13:14:44,657 - Thread-3 (process_arduino_data) - process_arduino_data aquired data lock
2025-06-24 13:20:32,538 - MainThread - update_image called
2025-06-24 13:20:39,702 - MainThread - blur attempting to aquire data lock
2025-06-24 13:20:40,221 - MainThread - blur aquired data lock
2025-06-24 13:20:41,516 - MainThread - blur released data lock
2025-06-24 13:20:45,408 - MainThread - rand attempting to aquire data lock: Place the Red Stick in Hole C3
2025-06-24 13:20:45,760 - MainThread - rand data lock aquired
2025-06-24 13:20:47,593 - MainThread - rand data lock released
2025-06-24 13:20:48,538 - MainThread - update_image completed
2025-06-24 13:21:04,539 - MainThread - update_image called
2025-06-24 13:21:04,727 - MainThread - blur attempting to aquire data lock
2025-06-24 13:21:04,727 - MainThread - blur aquired data lock
2025-06-24 13:21:04,727 - MainThread - blur released data lock
2025-06-24 13:21:04,739 - MainThread - rand attempting to aquire data lock: Place the Red Stick in Hole C1
2025-06-24 13:21:04,739 - MainThread - rand data lock aquired
2025-06-24 13:21:04,739 - MainThread - rand data lock released
2025-06-24 13:21:04,739 - MainThread - update_image completed
2025-06-24 13:21:07,438 - MainThread - update_image called
2025-06-24 13:21:08,481 - MainThread - blur attempting to aquire data lock
2025-06-24 13:21:08,481 - MainThread - blur aquired data lock
2025-06-24 13:21:08,481 - MainThread - blur released data lock
2025-06-24 13:21:08,577 - MainThread - rand attempting to aquire data lock: Place the Red Stick in Hole D1
2025-06-24 13:21:08,593 - MainThread - rand data lock aquired
2025-06-24 13:21:08,593 - MainThread - rand data lock released
2025-06-24 13:21:08,625 - MainThread - update_image completed
2025-06-24 13:21:13,931 - Thread-1 (arduino_connect) - arduino_connect attempting to aquire data lock
2025-06-24 13:21:13,947 - Thread-1 (arduino_connect) - arduino_connect aquired data lock
2025-06-24 13:21:13,947 - Thread-1 (arduino_connect) - arduino_connect released data lock
2025-06-24 13:21:13,947 - Thread-3 (process_arduino_data) - process_arduino_data received data: hole=A12, stick=Yellow
2025-06-24 13:21:13,947 - Thread-3 (process_arduino_data) - process_arduino_data attempting to aquire data lock
2025-06-24 13:21:13,947 - Thread-3 (process_arduino_data) - process_arduino_data aquired data lock
2025-06-24 13:21:13,967 - Thread-2 (update_image_threading) - update_image called
2025-06-24 13:21:14,252 - Thread-2 (update_image_threading) - blur attempting to aquire data lock
2025-06-24 13:21:14,268 - Thread-2 (update_image_threading) - blur aquired data lock
2025-06-24 13:21:14,268 - Thread-2 (update_image_threading) - blur released data lock
2025-06-24 13:21:14,522 - Thread-2 (update_image_threading) - rand attempting to aquire data lock: Place the Red Stick in Hole B1
2025-06-24 13:21:14,538 - Thread-2 (update_image_threading) - rand data lock aquired
2025-06-24 13:21:14,538 - Thread-2 (update_image_threading) - rand data lock released
2025-06-24 13:21:14,634 - Thread-2 (update_image_threading) - update_image completed
2025-06-24 13:21:14,650 - Thread-2 (update_image_threading) - update_image_threading attempting to aquire data lock
2025-06-24 13:21:14,666 - Thread-2 (update_image_threading) - update_image_threading aquired data lock
2025-06-24 13:21:14,666 - Thread-2 (update_image_threading) - update_image_threading released data lock
2025-06-24 13:21:18,723 - Thread-1 (arduino_connect) - arduino_connect attempting to aquire data lock
2025-06-24 13:21:18,739 - Thread-1 (arduino_connect) - arduino_connect aquired data lock
2025-06-24 13:21:18,739 - Thread-1 (arduino_connect) - arduino_connect released data lock
2025-06-24 13:21:18,739 - Thread-3 (process_arduino_data) - process_arduino_data received data: hole=A4, stick=Yellow
2025-06-24 13:21:18,739 - Thread-3 (process_arduino_data) - process_arduino_data attempting to aquire data lock
2025-06-24 13:21:18,739 - Thread-3 (process_arduino_data) - process_arduino_data aquired data lock
2025-06-24 13:21:18,739 - Thread-2 (update_image_threading) - update_image called
2025-06-24 13:21:19,044 - Thread-2 (update_image_threading) - blur attempting to aquire data lock
2025-06-24 13:21:19,059 - Thread-2 (update_image_threading) - blur aquired data lock
2025-06-24 13:21:19,059 - Thread-2 (update_image_threading) - blur released data lock
2025-06-24 13:21:19,363 - Thread-2 (update_image_threading) - rand attempting to aquire data lock: Place the Red Stick in Hole C4
2025-06-24 13:21:19,379 - Thread-2 (update_image_threading) - rand data lock aquired
2025-06-24 13:21:19,379 - Thread-2 (update_image_threading) - rand data lock released
2025-06-24 13:21:19,426 - Thread-2 (update_image_threading) - update_image completed
2025-06-24 13:21:19,458 - Thread-2 (update_image_threading) - update_image_threading attempting to aquire data lock
2025-06-24 13:21:19,474 - Thread-2 (update_image_threading) - update_image_threading aquired data lock
2025-06-24 13:21:19,474 - Thread-1 (arduino_connect) - arduino_connect attempting to aquire data lock
2025-06-24 13:21:19,474 - Thread-2 (update_image_threading) - update_image_threading released data lock
2025-06-24 13:21:19,522 - Thread-1 (arduino_connect) - arduino_connect aquired data lock
2025-06-24 13:21:19,522 - Thread-1 (arduino_connect) - arduino_connect released data lock
2025-06-24 13:21:22,712 - Thread-1 (arduino_connect) - arduino_connect attempting to aquire data lock
2025-06-24 13:21:22,728 - Thread-1 (arduino_connect) - arduino_connect aquired data lock
2025-06-24 13:21:22,728 - Thread-1 (arduino_connect) - arduino_connect released data lock
2025-06-24 13:21:22,728 - Thread-3 (process_arduino_data) - process_arduino_data received data: hole=A11, stick=Yellow
2025-06-24 13:21:22,728 - Thread-3 (process_arduino_data) - process_arduino_data attempting to aquire data lock
2025-06-24 13:21:22,728 - Thread-3 (process_arduino_data) - process_arduino_data aquired data lock
2025-06-24 13:21:22,813 - Thread-2 (update_image_threading) - update_image called
2025-06-24 13:21:23,706 - Thread-2 (update_image_threading) - blur attempting to aquire data lock
2025-06-24 13:21:23,721 - Thread-2 (update_image_threading) - blur aquired data lock
2025-06-24 13:21:23,721 - Thread-2 (update_image_threading) - blur released data lock
2025-06-24 13:21:23,975 - Thread-2 (update_image_threading) - rand attempting to aquire data lock: Place the Red Stick in Hole D3
2025-06-24 13:21:23,975 - Thread-2 (update_image_threading) - rand data lock aquired
2025-06-24 13:21:23,975 - Thread-2 (update_image_threading) - rand data lock released
2025-06-24 13:21:24,054 - Thread-2 (update_image_threading) - update_image completed
2025-06-24 13:21:24,054 - Thread-2 (update_image_threading) - update_image_threading attempting to aquire data lock
2025-06-24 13:21:24,054 - Thread-2 (update_image_threading) - update_image_threading aquired data lock
2025-06-24 13:21:24,054 - Thread-2 (update_image_threading) - update_image_threading released data lock
2025-06-24 13:21:27,556 - Thread-1 (arduino_connect) - arduino_connect attempting to aquire data lock
2025-06-24 13:21:27,572 - Thread-1 (arduino_connect) - arduino_connect aquired data lock
2025-06-24 13:21:27,572 - Thread-1 (arduino_connect) - arduino_connect released data lock
2025-06-24 13:21:27,572 - Thread-3 (process_arduino_data) - process_arduino_data received data: hole=A14, stick=Yellow
2025-06-24 13:21:27,572 - Thread-3 (process_arduino_data) - process_arduino_data attempting to aquire data lock
2025-06-24 13:21:27,572 - Thread-3 (process_arduino_data) - process_arduino_data aquired data lock
2025-06-24 13:21:27,656 - Thread-2 (update_image_threading) - update_image called
2025-06-24 13:21:28,337 - Thread-2 (update_image_threading) - blur attempting to aquire data lock
2025-06-24 13:21:28,353 - Thread-2 (update_image_threading) - blur aquired data lock
2025-06-24 13:21:28,353 - Thread-2 (update_image_threading) - blur released data lock
2025-06-24 13:21:28,673 - Thread-2 (update_image_threading) - rand attempting to aquire data lock: Place the Red Stick in Hole C4
2025-06-24 13:21:28,689 - Thread-2 (update_image_threading) - rand data lock aquired
2025-06-24 13:21:28,689 - Thread-2 (update_image_threading) - rand data lock released
2025-06-24 13:21:28,737 - Thread-2 (update_image_threading) - update_image completed
2025-06-24 13:21:28,753 - Thread-2 (update_image_threading) - update_image_threading attempting to aquire data lock
2025-06-24 13:21:28,753 - Thread-2 (update_image_threading) - update_image_threading aquired data lock
2025-06-24 13:21:28,753 - Thread-2 (update_image_threading) - update_image_threading released data lock
2025-06-24 13:21:35,637 - Thread-1 (arduino_connect) - arduino_connect attempting to aquire data lock
2025-06-24 13:21:35,653 - Thread-1 (arduino_connect) - arduino_connect aquired data lock
2025-06-24 13:21:35,653 - Thread-1 (arduino_connect) - arduino_connect released data lock
2025-06-24 13:21:35,653 - Thread-3 (process_arduino_data) - process_arduino_data received data: hole=A11, stick=Yellow
2025-06-24 13:21:35,653 - Thread-3 (process_arduino_data) - process_arduino_data attempting to aquire data lock
2025-06-24 13:21:35,653 - Thread-3 (process_arduino_data) - process_arduino_data aquired data lock
2025-06-24 13:21:38,055 - Thread-1 (arduino_connect) - arduino_connect attempting to aquire data lock
2025-06-24 13:21:38,071 - Thread-1 (arduino_connect) - arduino_connect aquired data lock
2025-06-24 13:21:38,071 - Thread-1 (arduino_connect) - arduino_connect released data lock
2025-06-24 13:21:41,871 - MainThread - nextButton attempting to aquire data lock
2025-06-24 13:21:41,889 - MainThread - nextButton aquired data lock
2025-06-24 13:21:41,889 - MainThread - nextButton released data lock
2025-06-24 13:21:44,155 - MainThread - update_image called
2025-06-24 13:21:45,191 - MainThread - blur attempting to aquire data lock
2025-06-24 13:21:45,191 - MainThread - blur aquired data lock
2025-06-24 13:21:45,191 - MainThread - blur released data lock
2025-06-24 13:21:45,255 - MainThread - rand attempting to aquire data lock: Place the Red Stick in Hole B2
2025-06-24 13:21:45,255 - MainThread - rand data lock aquired
2025-06-24 13:21:45,255 - MainThread - rand data lock released
2025-06-24 13:21:45,272 - MainThread - update_image completed
2025-06-24 13:21:50,596 - Thread-1 (arduino_connect) - arduino_connect attempting to aquire data lock
2025-06-24 13:21:50,612 - Thread-1 (arduino_connect) - arduino_connect aquired data lock
2025-06-24 13:21:50,612 - Thread-1 (arduino_connect) - arduino_connect released data lock
2025-06-24 13:21:50,612 - Thread-3 (process_arduino_data) - process_arduino_data received data: hole=A5, stick=Yellow
2025-06-24 13:21:50,612 - Thread-3 (process_arduino_data) - process_arduino_data attempting to aquire data lock
2025-06-24 13:21:50,612 - Thread-3 (process_arduino_data) - process_arduino_data aquired data lock
2025-06-24 13:21:50,633 - Thread-2 (update_image_threading) - update_image called
2025-06-24 13:21:50,933 - Thread-2 (update_image_threading) - blur attempting to aquire data lock
2025-06-24 13:21:50,949 - Thread-2 (update_image_threading) - blur aquired data lock
2025-06-24 13:21:50,949 - Thread-2 (update_image_threading) - blur released data lock
2025-06-24 13:21:51,234 - Thread-2 (update_image_threading) - rand attempting to aquire data lock: Place the Red Stick in Hole A1
2025-06-24 13:21:51,266 - Thread-2 (update_image_threading) - rand data lock aquired
2025-06-24 13:21:51,266 - Thread-2 (update_image_threading) - rand data lock released
2025-06-24 13:21:51,314 - Thread-2 (update_image_threading) - update_image completed
2025-06-24 13:21:51,314 - Thread-2 (update_image_threading) - update_image_threading attempting to aquire data lock
2025-06-24 13:21:51,314 - Thread-2 (update_image_threading) - update_image_threading aquired data lock
2025-06-24 13:21:51,314 - Thread-2 (update_image_threading) - update_image_threading released data lock
2025-06-24 13:21:55,461 - Thread-1 (arduino_connect) - arduino_connect attempting to aquire data lock
2025-06-24 13:21:55,509 - Thread-1 (arduino_connect) - arduino_connect aquired data lock
2025-06-24 13:21:55,509 - Thread-1 (arduino_connect) - arduino_connect released data lock
2025-06-24 13:21:55,509 - Thread-3 (process_arduino_data) - process_arduino_data received data: hole=A0, stick=Yellow
2025-06-24 13:21:55,509 - Thread-3 (process_arduino_data) - process_arduino_data attempting to aquire data lock
2025-06-24 13:21:55,509 - Thread-3 (process_arduino_data) - process_arduino_data aquired data lock
2025-06-24 13:21:55,578 - Thread-2 (update_image_threading) - update_image called
2025-06-24 13:21:56,277 - Thread-2 (update_image_threading) - blur attempting to aquire data lock
2025-06-24 13:21:56,277 - Thread-2 (update_image_threading) - blur aquired data lock
2025-06-24 13:21:56,277 - Thread-2 (update_image_threading) - blur released data lock
2025-06-24 13:21:56,531 - Thread-2 (update_image_threading) - rand attempting to aquire data lock: Place the Red Stick in Hole D2
2025-06-24 13:21:56,547 - Thread-2 (update_image_threading) - rand data lock aquired
2025-06-24 13:21:56,547 - Thread-2 (update_image_threading) - rand data lock released
2025-06-24 13:21:56,595 - Thread-2 (update_image_threading) - update_image completed
2025-06-24 13:21:56,595 - Thread-2 (update_image_threading) - update_image_threading attempting to aquire data lock
2025-06-24 13:21:56,595 - Thread-2 (update_image_threading) - update_image_threading aquired data lock
2025-06-24 13:21:56,595 - Thread-2 (update_image_threading) - update_image_threading released data lock
2025-06-24 13:21:59,431 - Thread-1 (arduino_connect) - arduino_connect attempting to aquire data lock
2025-06-24 13:21:59,447 - Thread-1 (arduino_connect) - arduino_connect aquired data lock
2025-06-24 13:21:59,447 - Thread-1 (arduino_connect) - arduino_connect released data lock
2025-06-24 13:21:59,447 - Thread-3 (process_arduino_data) - process_arduino_data received data: hole=A13, stick=Yellow
2025-06-24 13:21:59,447 - Thread-3 (process_arduino_data) - process_arduino_data attempting to aquire data lock
2025-06-24 13:21:59,447 - Thread-3 (process_arduino_data) - process_arduino_data aquired data lock
2025-06-24 13:21:59,499 - Thread-2 (update_image_threading) - update_image called
2025-06-24 13:22:00,006 - Thread-2 (update_image_threading) - blur attempting to aquire data lock
2025-06-24 13:22:00,022 - Thread-2 (update_image_threading) - blur aquired data lock
2025-06-24 13:22:00,022 - Thread-2 (update_image_threading) - blur released data lock
2025-06-24 13:22:00,245 - Thread-2 (update_image_threading) - rand attempting to aquire data lock: Place the Red Stick in Hole A2
2025-06-24 13:22:00,260 - Thread-2 (update_image_threading) - rand data lock aquired
2025-06-24 13:22:00,260 - Thread-2 (update_image_threading) - rand data lock released
2025-06-24 13:22:00,291 - Thread-2 (update_image_threading) - update_image completed
2025-06-24 13:22:00,307 - Thread-2 (update_image_threading) - update_image_threading attempting to aquire data lock
2025-06-24 13:22:00,307 - Thread-2 (update_image_threading) - update_image_threading aquired data lock
2025-06-24 13:22:00,307 - Thread-2 (update_image_threading) - update_image_threading released data lock
2025-06-24 13:22:03,429 - Thread-1 (arduino_connect) - arduino_connect attempting to aquire data lock
2025-06-24 13:22:03,445 - Thread-1 (arduino_connect) - arduino_connect aquired data lock
2025-06-24 13:22:03,445 - Thread-1 (arduino_connect) - arduino_connect released data lock
2025-06-24 13:22:03,445 - Thread-3 (process_arduino_data) - process_arduino_data received data: hole=A1, stick=Yellow
2025-06-24 13:22:03,445 - Thread-3 (process_arduino_data) - process_arduino_data attempting to aquire data lock
2025-06-24 13:22:03,445 - Thread-3 (process_arduino_data) - process_arduino_data aquired data lock
2025-06-24 13:22:03,466 - Thread-2 (update_image_threading) - update_image called
2025-06-24 13:22:03,656 - Thread-2 (update_image_threading) - blur attempting to aquire data lock
2025-06-24 13:22:03,672 - Thread-2 (update_image_threading) - blur aquired data lock
2025-06-24 13:22:03,672 - Thread-2 (update_image_threading) - blur released data lock
2025-06-24 13:22:03,895 - Thread-2 (update_image_threading) - rand attempting to aquire data lock: Place the Red Stick in Hole D1
2025-06-24 13:22:03,910 - Thread-2 (update_image_threading) - rand data lock aquired
2025-06-24 13:22:03,910 - Thread-2 (update_image_threading) - rand data lock released
2025-06-24 13:22:03,973 - Thread-2 (update_image_threading) - update_image completed
2025-06-24 13:22:03,973 - Thread-2 (update_image_threading) - update_image_threading attempting to aquire data lock
2025-06-24 13:22:03,989 - Thread-2 (update_image_threading) - update_image_threading aquired data lock
2025-06-24 13:22:03,989 - Thread-2 (update_image_threading) - update_image_threading released data lock
2025-06-24 13:22:45,496 - MainThread - getImage attempting to aquire data lock
2025-06-24 13:22:45,496 - MainThread - getImage aquired data lock
2025-06-24 13:22:45,496 - MainThread - getImage released data lock
2025-06-24 13:22:46,615 - MainThread - update_image called
2025-06-24 13:22:46,794 - MainThread - blur attempting to aquire data lock
2025-06-24 13:22:46,794 - MainThread - blur aquired data lock
2025-06-24 13:22:46,794 - MainThread - blur released data lock
2025-06-24 13:22:46,799 - MainThread - rand attempting to aquire data lock: Place the Red Stick in Hole A1
2025-06-24 13:22:46,799 - MainThread - rand data lock aquired
2025-06-24 13:22:46,799 - MainThread - rand data lock released
2025-06-24 13:22:46,799 - MainThread - update_image completed
2025-06-24 13:22:51,679 - Thread-1 (arduino_connect) - arduino_connect attempting to aquire data lock
2025-06-24 13:22:51,679 - Thread-1 (arduino_connect) - arduino_connect aquired data lock
2025-06-24 13:22:51,679 - Thread-1 (arduino_connect) - arduino_connect released data lock
2025-06-24 13:22:51,679 - Thread-3 (process_arduino_data) - process_arduino_data received data: hole=A0, stick=Yellow
2025-06-24 13:22:51,679 - Thread-3 (process_arduino_data) - process_arduino_data attempting to aquire data lock
2025-06-24 13:22:51,679 - Thread-3 (process_arduino_data) - process_arduino_data aquired data lock
2025-06-24 13:22:51,780 - Thread-2 (update_image_threading) - update_image called
2025-06-24 13:22:52,887 - Thread-2 (update_image_threading) - blur attempting to aquire data lock
2025-06-24 13:22:52,903 - Thread-2 (update_image_threading) - blur aquired data lock
2025-06-24 13:22:52,903 - Thread-2 (update_image_threading) - blur released data lock
2025-06-24 13:22:53,095 - Thread-2 (update_image_threading) - rand attempting to aquire data lock: Place the Red Stick in Hole A2
2025-06-24 13:22:53,095 - Thread-2 (update_image_threading) - rand data lock aquired
2025-06-24 13:22:53,095 - Thread-2 (update_image_threading) - rand data lock released
2025-06-24 13:22:53,126 - Thread-2 (update_image_threading) - update_image completed
2025-06-24 13:22:53,142 - Thread-2 (update_image_threading) - update_image_threading attempting to aquire data lock
2025-06-24 13:22:53,142 - Thread-2 (update_image_threading) - update_image_threading aquired data lock
2025-06-24 13:22:53,142 - Thread-2 (update_image_threading) - update_image_threading released data lock
2025-06-24 13:22:55,444 - Thread-1 (arduino_connect) - arduino_connect attempting to aquire data lock
2025-06-24 13:22:55,444 - Thread-1 (arduino_connect) - arduino_connect aquired data lock
2025-06-24 13:22:55,444 - Thread-1 (arduino_connect) - arduino_connect released data lock
2025-06-24 13:22:55,444 - Thread-3 (process_arduino_data) - process_arduino_data received data: hole=A1, stick=Yellow
2025-06-24 13:22:55,444 - Thread-3 (process_arduino_data) - process_arduino_data attempting to aquire data lock
2025-06-24 13:22:55,444 - Thread-3 (process_arduino_data) - process_arduino_data aquired data lock
2025-06-24 13:22:55,449 - Thread-2 (update_image_threading) - update_image called
2025-06-24 13:22:55,681 - Thread-2 (update_image_threading) - blur attempting to aquire data lock
2025-06-24 13:22:55,697 - Thread-2 (update_image_threading) - blur aquired data lock
2025-06-24 13:22:55,697 - Thread-2 (update_image_threading) - blur released data lock
2025-06-24 13:22:55,967 - Thread-2 (update_image_threading) - rand attempting to aquire data lock: Place the Red Stick in Hole D2
2025-06-24 13:22:55,982 - Thread-2 (update_image_threading) - rand data lock aquired
2025-06-24 13:22:55,982 - Thread-2 (update_image_threading) - rand data lock released
2025-06-24 13:22:56,078 - Thread-2 (update_image_threading) - update_image completed
2025-06-24 13:22:56,093 - Thread-2 (update_image_threading) - update_image_threading attempting to aquire data lock
2025-06-24 13:22:56,125 - Thread-2 (update_image_threading) - update_image_threading aquired data lock
2025-06-24 13:22:56,125 - Thread-2 (update_image_threading) - update_image_threading released data lock
2025-06-24 13:22:59,080 - Thread-1 (arduino_connect) - arduino_connect attempting to aquire data lock
2025-06-24 13:22:59,112 - Thread-1 (arduino_connect) - arduino_connect aquired data lock
2025-06-24 13:22:59,112 - Thread-1 (arduino_connect) - arduino_connect released data lock
2025-06-24 13:22:59,112 - Thread-3 (process_arduino_data) - process_arduino_data received data: hole=A13, stick=Yellow
2025-06-24 13:22:59,112 - Thread-3 (process_arduino_data) - process_arduino_data attempting to aquire data lock
2025-06-24 13:22:59,112 - Thread-3 (process_arduino_data) - process_arduino_data aquired data lock
2025-06-24 13:22:59,118 - Thread-2 (update_image_threading) - update_image called
2025-06-24 13:22:59,365 - Thread-2 (update_image_threading) - blur attempting to aquire data lock
2025-06-24 13:22:59,381 - Thread-2 (update_image_threading) - blur aquired data lock
2025-06-24 13:22:59,381 - Thread-2 (update_image_threading) - blur released data lock
2025-06-24 13:22:59,731 - Thread-2 (update_image_threading) - rand attempting to aquire data lock: Place the Red Stick in Hole B2
2025-06-24 13:22:59,747 - Thread-2 (update_image_threading) - rand data lock aquired
2025-06-24 13:22:59,747 - Thread-2 (update_image_threading) - rand data lock released
2025-06-24 13:22:59,906 - Thread-2 (update_image_threading) - update_image completed
2025-06-24 13:22:59,922 - Thread-2 (update_image_threading) - update_image_threading attempting to aquire data lock
2025-06-24 13:22:59,970 - Thread-2 (update_image_threading) - update_image_threading aquired data lock
2025-06-24 13:22:59,970 - Thread-2 (update_image_threading) - update_image_threading released data lock
2025-06-24 13:23:02,761 - Thread-1 (arduino_connect) - arduino_connect attempting to aquire data lock
2025-06-24 13:23:02,777 - Thread-1 (arduino_connect) - arduino_connect aquired data lock
2025-06-24 13:23:02,777 - Thread-1 (arduino_connect) - arduino_connect released data lock
2025-06-24 13:23:02,777 - Thread-3 (process_arduino_data) - process_arduino_data received data: hole=A5, stick=Yellow
2025-06-24 13:23:02,777 - Thread-3 (process_arduino_data) - process_arduino_data attempting to aquire data lock
2025-06-24 13:23:02,777 - Thread-3 (process_arduino_data) - process_arduino_data aquired data lock
2025-06-24 13:23:02,799 - Thread-2 (update_image_threading) - update_image called
2025-06-24 13:23:03,052 - Thread-2 (update_image_threading) - blur attempting to aquire data lock
2025-06-24 13:23:03,066 - Thread-2 (update_image_threading) - blur aquired data lock
2025-06-24 13:23:03,066 - Thread-2 (update_image_threading) - blur released data lock
2025-06-24 13:23:03,336 - Thread-2 (update_image_threading) - rand attempting to aquire data lock: Place the Red Stick in Hole B1
2025-06-24 13:23:03,384 - Thread-2 (update_image_threading) - rand data lock aquired
2025-06-24 13:23:03,384 - Thread-2 (update_image_threading) - rand data lock released
2025-06-24 13:23:03,463 - Thread-2 (update_image_threading) - update_image completed
2025-06-24 13:23:03,480 - Thread-2 (update_image_threading) - update_image_threading attempting to aquire data lock
2025-06-24 13:23:03,512 - Thread-2 (update_image_threading) - update_image_threading aquired data lock
2025-06-24 13:23:03,512 - Thread-2 (update_image_threading) - update_image_threading released data lock
2025-06-24 13:23:06,792 - Thread-1 (arduino_connect) - arduino_connect attempting to aquire data lock
2025-06-24 13:23:06,808 - Thread-1 (arduino_connect) - arduino_connect aquired data lock
2025-06-24 13:23:06,808 - Thread-1 (arduino_connect) - arduino_connect released data lock
2025-06-24 13:23:06,808 - Thread-3 (process_arduino_data) - process_arduino_data received data: hole=A4, stick=Yellow
2025-06-24 13:23:06,808 - Thread-3 (process_arduino_data) - process_arduino_data attempting to aquire data lock
2025-06-24 13:23:06,808 - Thread-3 (process_arduino_data) - process_arduino_data aquired data lock
2025-06-24 13:23:08,976 - MainThread - nextButton attempting to aquire data lock
2025-06-24 13:23:08,992 - MainThread - nextButton aquired data lock
2025-06-24 13:23:08,992 - MainThread - nextButton released data lock
2025-06-24 13:23:10,454 - MainThread - nextButton attempting to aquire data lock
2025-06-24 13:23:10,470 - MainThread - nextButton aquired data lock
2025-06-24 13:23:10,470 - MainThread - nextButton released data lock
2025-06-24 13:23:11,092 - MainThread - nextButton attempting to aquire data lock
2025-06-24 13:23:11,108 - MainThread - nextButton aquired data lock
2025-06-24 13:23:11,108 - MainThread - nextButton released data lock
2025-06-24 13:23:11,458 - MainThread - nextButton attempting to aquire data lock
2025-06-24 13:23:11,475 - MainThread - nextButton aquired data lock
2025-06-24 13:23:11,475 - MainThread - nextButton released data lock
2025-06-24 13:23:11,650 - MainThread - nextButton attempting to aquire data lock
2025-06-24 13:23:11,665 - MainThread - nextButton aquired data lock
2025-06-24 13:23:11,665 - MainThread - nextButton released data lock
2025-06-24 13:23:11,824 - MainThread - nextButton attempting to aquire data lock
2025-06-24 13:23:11,824 - MainThread - nextButton aquired data lock
2025-06-24 13:23:11,824 - MainThread - nextButton released data lock
2025-06-24 13:23:12,049 - MainThread - nextButton attempting to aquire data lock
2025-06-24 13:23:12,065 - MainThread - nextButton aquired data lock
2025-06-24 13:23:12,065 - MainThread - nextButton released data lock
2025-06-24 13:23:12,208 - MainThread - nextButton attempting to aquire data lock
2025-06-24 13:23:12,225 - MainThread - nextButton aquired data lock
2025-06-24 13:23:12,225 - MainThread - nextButton released data lock
2025-06-24 13:23:12,352 - MainThread - nextButton attempting to aquire data lock
2025-06-24 13:23:12,368 - MainThread - nextButton aquired data lock
2025-06-24 13:23:12,368 - MainThread - nextButton released data lock
2025-06-24 13:23:12,512 - MainThread - nextButton attempting to aquire data lock
2025-06-24 13:23:12,528 - MainThread - nextButton aquired data lock
2025-06-24 13:23:12,528 - MainThread - nextButton released data lock
2025-06-24 13:23:12,862 - MainThread - nextButton attempting to aquire data lock
2025-06-24 13:23:12,879 - MainThread - nextButton aquired data lock
2025-06-24 13:23:12,879 - MainThread - nextButton released data lock
2025-06-24 13:30:08,387 - MainThread - getImage attempting to aquire data lock
2025-06-24 13:30:08,387 - MainThread - getImage aquired data lock
2025-06-24 13:30:08,387 - MainThread - getImage released data lock
2025-06-24 13:30:10,266 - MainThread - update_image called
2025-06-24 13:30:10,439 - MainThread - blur attempting to aquire data lock
2025-06-24 13:30:10,439 - MainThread - blur aquired data lock
2025-06-24 13:30:10,439 - MainThread - blur released data lock
2025-06-24 13:30:10,455 - MainThread - rand attempting to aquire data lock: Place the Red Stick in Hole B3
2025-06-24 13:30:10,455 - MainThread - rand data lock aquired
2025-06-24 13:30:10,455 - MainThread - rand data lock released
2025-06-24 13:30:10,455 - MainThread - update_image completed
2025-06-24 13:30:12,527 - MainThread - nextButton attempting to aquire data lock
2025-06-24 13:30:12,543 - MainThread - nextButton aquired data lock
2025-06-24 13:30:12,543 - MainThread - nextButton released data lock
2025-06-24 13:30:12,957 - MainThread - nextButton attempting to aquire data lock
2025-06-24 13:30:12,972 - MainThread - nextButton aquired data lock
2025-06-24 13:30:12,972 - MainThread - nextButton released data lock
2025-06-24 13:30:13,273 - MainThread - nextButton attempting to aquire data lock
2025-06-24 13:30:13,289 - MainThread - nextButton aquired data lock
2025-06-24 13:30:13,289 - MainThread - nextButton released data lock
2025-06-24 13:30:13,432 - MainThread - nextButton attempting to aquire data lock
2025-06-24 13:30:13,448 - MainThread - nextButton aquired data lock
2025-06-24 13:30:13,448 - MainThread - nextButton released data lock
2025-06-24 13:30:13,639 - MainThread - nextButton attempting to aquire data lock
2025-06-24 13:30:13,639 - MainThread - nextButton aquired data lock
2025-06-24 13:30:13,639 - MainThread - nextButton released data lock
2025-06-24 13:30:13,861 - MainThread - nextButton attempting to aquire data lock
2025-06-24 13:30:13,877 - MainThread - nextButton aquired data lock
2025-06-24 13:30:13,877 - MainThread - nextButton released data lock
2025-06-24 13:30:44,839 - MainThread - getImage attempting to aquire data lock
2025-06-24 13:30:44,839 - MainThread - getImage aquired data lock
2025-06-24 13:30:44,840 - MainThread - getImage released data lock
2025-06-24 13:30:45,507 - MainThread - update_image called
2025-06-24 13:30:45,688 - MainThread - blur attempting to aquire data lock
2025-06-24 13:30:45,688 - MainThread - blur aquired data lock
2025-06-24 13:30:45,688 - MainThread - blur released data lock
2025-06-24 13:30:45,704 - MainThread - rand attempting to aquire data lock: Place the Red Stick in Hole D1
2025-06-24 13:30:45,704 - MainThread - rand data lock aquired
2025-06-24 13:30:45,704 - MainThread - rand data lock released
2025-06-24 13:30:45,704 - MainThread - update_image completed
2025-06-24 13:30:46,866 - MainThread - nextButton attempting to aquire data lock
2025-06-24 13:30:46,867 - MainThread - nextButton aquired data lock
2025-06-24 13:30:46,867 - MainThread - nextButton released data lock
2025-06-24 13:30:47,010 - MainThread - nextButton attempting to aquire data lock
2025-06-24 13:30:47,027 - MainThread - nextButton aquired data lock
2025-06-24 13:30:47,027 - MainThread - nextButton released data lock
2025-06-24 13:30:47,137 - MainThread - nextButton attempting to aquire data lock
2025-06-24 13:30:47,153 - MainThread - nextButton aquired data lock
2025-06-24 13:30:47,153 - MainThread - nextButton released data lock
2025-06-24 13:30:47,330 - MainThread - nextButton attempting to aquire data lock
2025-06-24 13:30:47,346 - MainThread - nextButton aquired data lock
2025-06-24 13:30:47,346 - MainThread - nextButton released data lock
2025-06-24 13:32:13,403 - MainThread - getImage attempting to aquire data lock
2025-06-24 13:32:33,767 - MainThread - ('C:/Users/Michael/Documents/Final Project/project-1/project-1-main/Project/source/assets/default.jpg', 'C:/Users/Michael/Documents/Final Project/project-1/project-1-main/Project/source/assets/pexels-pixabay-60597.jpg', 'C:/Users/Michael/Documents/Final Project/project-1/project-1-main/Project/source/assets/pexels-pixabay-65894.jpg')
2025-06-24 13:32:37,232 - MainThread - getImage aquired data lock
2025-06-24 13:33:19,106 - MainThread - getImage released data lock
2025-06-24 13:33:49,294 - MainThread - getImage attempting to aquire data lock
2025-06-24 13:33:52,390 - MainThread - ('C:/Users/Michael/Documents/Final Project/project-1/project-1-main/Project/source/assets/default.jpg', 'C:/Users/Michael/Documents/Final Project/project-1/project-1-main/Project/source/assets/pexels-pixabay-60597.jpg', 'C:/Users/Michael/Documents/Final Project/project-1/project-1-main/Project/source/assets/pexels-pixabay-65894.jpg')
2025-06-24 13:33:53,765 - MainThread - getImage aquired data lock
2025-06-24 13:35:31,980 - MainThread - getImage released data lock
2025-06-24 13:35:40,526 - MainThread - update_image called
2025-06-24 13:35:42,049 - MainThread - blur attempting to aquire data lock
2025-06-24 13:35:42,055 - MainThread - blur aquired data lock
2025-06-24 13:35:42,055 - MainThread - blur released data lock
2025-06-24 13:35:44,383 - MainThread - rand attempting to aquire data lock: Place the Red Stick in Hole A3
2025-06-24 13:35:44,384 - MainThread - rand data lock aquired
2025-06-24 13:35:44,384 - MainThread - rand data lock released
2025-06-24 13:35:44,385 - MainThread - update_image completed
2025-06-24 13:35:54,500 - MainThread - nextButton attempting to aquire data lock
2025-06-24 13:35:54,500 - MainThread - nextButton aquired data lock
2025-06-24 13:35:54,500 - MainThread - nextButton released data lock
2025-06-24 13:35:55,754 - MainThread - nextButton attempting to aquire data lock
2025-06-24 13:35:55,769 - MainThread - nextButton aquired data lock
2025-06-24 13:35:55,769 - MainThread - nextButton released data lock
2025-06-24 13:35:55,960 - MainThread - nextButton attempting to aquire data lock
2025-06-24 13:35:55,993 - MainThread - nextButton aquired data lock
2025-06-24 13:35:55,993 - MainThread - nextButton released data lock
2025-06-24 13:35:56,167 - MainThread - nextButton attempting to aquire data lock
2025-06-24 13:35:56,183 - MainThread - nextButton aquired data lock
2025-06-24 13:35:56,183 - MainThread - nextButton released data lock
2025-06-24 13:35:56,374 - MainThread - nextButton attempting to aquire data lock
2025-06-24 13:35:56,390 - MainThread - nextButton aquired data lock
2025-06-24 13:35:56,390 - MainThread - nextButton released data lock
2025-06-24 13:35:56,469 - MainThread - nextButton attempting to aquire data lock
2025-06-24 13:35:56,486 - MainThread - nextButton aquired data lock
2025-06-24 13:35:56,486 - MainThread - nextButton released data lock
2025-06-24 13:36:01,333 - MainThread - nextButton attempting to aquire data lock
2025-06-24 13:36:01,333 - MainThread - nextButton aquired data lock
2025-06-24 13:36:01,333 - MainThread - nextButton released data lock
2025-06-24 13:36:01,890 - MainThread - nextButton attempting to aquire data lock
2025-06-24 13:36:01,922 - MainThread - nextButton aquired data lock
2025-06-24 13:36:01,922 - MainThread - nextButton released data lock
2025-06-24 13:36:02,082 - MainThread - nextButton attempting to aquire data lock
2025-06-24 13:36:02,082 - MainThread - nextButton aquired data lock
2025-06-24 13:36:02,082 - MainThread - nextButton released data lock
2025-06-24 13:36:02,273 - MainThread - nextButton attempting to aquire data lock
2025-06-24 13:36:02,305 - MainThread - nextButton aquired data lock
2025-06-24 13:36:02,305 - MainThread - nextButton released data lock
2025-06-24 13:36:02,528 - MainThread - nextButton attempting to aquire data lock
2025-06-24 13:36:02,544 - MainThread - nextButton aquired data lock
2025-06-24 13:36:02,544 - MainThread - nextButton released data lock
2025-06-24 13:36:02,623 - MainThread - nextButton attempting to aquire data lock
2025-06-24 13:36:02,623 - MainThread - nextButton aquired data lock
2025-06-24 13:36:02,623 - MainThread - nextButton released data lock
2025-06-24 13:38:03,012 - MainThread - getImage attempting to aquire data lock
2025-06-24 13:38:03,012 - MainThread - ('C:/Users/Michael/Documents/Final Project/project-1/project-1-main/Project/source/assets/default.jpg', 'C:/Users/Michael/Documents/Final Project/project-1/project-1-main/Project/source/assets/pexels-pixabay-60597.jpg', 'C:/Users/Michael/Documents/Final Project/project-1/project-1-main/Project/source/assets/pexels-pixabay-65894.jpg')
2025-06-24 13:38:03,012 - MainThread - getImage aquired data lock
2025-06-24 13:38:03,012 - MainThread - getImage released data lock
2025-06-24 13:38:03,679 - MainThread - update_image called
2025-06-24 13:38:03,856 - MainThread - blur attempting to aquire data lock
2025-06-24 13:38:03,856 - MainThread - blur aquired data lock
2025-06-24 13:38:03,856 - MainThread - blur released data lock
2025-06-24 13:38:03,868 - MainThread - rand attempting to aquire data lock: Place the Red Stick in Hole A2
2025-06-24 13:38:03,868 - MainThread - rand data lock aquired
2025-06-24 13:38:03,868 - MainThread - rand data lock released
2025-06-24 13:38:03,868 - MainThread - update_image completed
2025-06-24 13:38:05,121 - MainThread - nextButton attempting to aquire data lock
2025-06-24 13:38:05,153 - MainThread - nextButton aquired data lock
2025-06-24 13:38:05,153 - MainThread - update_image called
2025-06-24 13:38:05,257 - MainThread - blur attempting to aquire data lock
2025-06-24 13:42:05,449 - MainThread - getImage attempting to aquire data lock
2025-06-24 13:42:05,449 - MainThread - ('C:/Users/Michael/Documents/Final Project/project-1/project-1-main/Project/source/assets/default.jpg', 'C:/Users/Michael/Documents/Final Project/project-1/project-1-main/Project/source/assets/pexels-pixabay-60597.jpg', 'C:/Users/Michael/Documents/Final Project/project-1/project-1-main/Project/source/assets/pexels-pixabay-65894.jpg')
2025-06-24 13:42:05,449 - MainThread - getImage aquired data lock
2025-06-24 13:42:05,449 - MainThread - getImage released data lock
2025-06-24 13:42:08,247 - MainThread - update_image called
2025-06-24 13:42:08,413 - MainThread - blur attempting to aquire data lock
2025-06-24 13:42:08,413 - MainThread - blur aquired data lock
2025-06-24 13:42:08,413 - MainThread - blur released data lock
2025-06-24 13:42:08,430 - MainThread - rand attempting to aquire data lock: Place the Red Stick in Hole A2
2025-06-24 13:42:08,430 - MainThread - rand data lock aquired
2025-06-24 13:42:08,430 - MainThread - rand data lock released
2025-06-24 13:42:08,430 - MainThread - update_image completed
2025-06-24 13:42:09,631 - MainThread - nextButton attempting to aquire data lock
2025-06-24 13:42:09,647 - MainThread - nextButton aquired data lock
2025-06-24 13:42:09,647 - MainThread - update_image called
2025-06-24 13:42:10,230 - MainThread - blur attempting to aquire data lock
2025-06-24 13:42:10,246 - MainThread - blur aquired data lock
2025-06-24 13:42:10,246 - MainThread - blur released data lock
2025-06-24 13:42:10,358 - MainThread - rand attempting to aquire data lock: Place the Red Stick in Hole D1
2025-06-24 13:42:10,374 - MainThread - rand data lock aquired
2025-06-24 13:42:10,374 - MainThread - rand data lock released
2025-06-24 13:42:10,390 - MainThread - update_image completed
2025-06-24 13:42:10,406 - MainThread - nextButton released data lock
2025-06-24 13:42:18,812 - Thread-1 (arduino_connect) - arduino_connect attempting to aquire data lock
2025-06-24 13:42:18,828 - Thread-1 (arduino_connect) - arduino_connect aquired data lock
2025-06-24 13:42:18,828 - Thread-1 (arduino_connect) - arduino_connect released data lock
2025-06-24 13:42:18,828 - Thread-3 (process_arduino_data) - process_arduino_data received data: hole=A12, stick=Yellow
2025-06-24 13:42:18,828 - Thread-3 (process_arduino_data) - process_arduino_data attempting to aquire data lock
2025-06-24 13:42:18,828 - Thread-3 (process_arduino_data) - process_arduino_data aquired data lock
2025-06-24 13:42:18,881 - Thread-2 (update_image_threading) - update_image called
2025-06-24 13:42:19,100 - Thread-2 (update_image_threading) - blur attempting to aquire data lock
2025-06-24 13:42:19,116 - Thread-2 (update_image_threading) - blur aquired data lock
2025-06-24 13:42:19,116 - Thread-2 (update_image_threading) - blur released data lock
2025-06-24 13:42:19,469 - Thread-2 (update_image_threading) - rand attempting to aquire data lock: Place the Red Stick in Hole B2
2025-06-24 13:42:19,485 - Thread-2 (update_image_threading) - rand data lock aquired
2025-06-24 13:42:19,485 - Thread-2 (update_image_threading) - rand data lock released
2025-06-24 13:42:19,532 - Thread-2 (update_image_threading) - update_image completed
2025-06-24 13:42:19,532 - Thread-2 (update_image_threading) - update_image_threading attempting to aquire data lock
2025-06-24 13:42:19,548 - Thread-2 (update_image_threading) - update_image_threading aquired data lock
2025-06-24 13:42:19,548 - Thread-2 (update_image_threading) - update_image_threading released data lock
2025-06-24 13:42:22,779 - Thread-1 (arduino_connect) - arduino_connect attempting to aquire data lock
2025-06-24 13:42:22,796 - Thread-1 (arduino_connect) - arduino_connect aquired data lock
2025-06-24 13:42:22,796 - Thread-1 (arduino_connect) - arduino_connect released data lock
2025-06-24 13:42:22,796 - Thread-3 (process_arduino_data) - process_arduino_data received data: hole=A5, stick=Yellow
2025-06-24 13:42:22,796 - Thread-3 (process_arduino_data) - process_arduino_data attempting to aquire data lock
2025-06-24 13:42:22,796 - Thread-3 (process_arduino_data) - process_arduino_data aquired data lock
2025-06-24 13:42:22,880 - Thread-2 (update_image_threading) - update_image called
2025-06-24 13:42:23,305 - Thread-2 (update_image_threading) - blur attempting to aquire data lock
2025-06-24 13:42:23,321 - Thread-2 (update_image_threading) - blur aquired data lock
2025-06-24 13:42:23,321 - Thread-2 (update_image_threading) - blur released data lock
2025-06-24 13:42:23,686 - Thread-2 (update_image_threading) - rand attempting to aquire data lock: Place the Red Stick in Hole A1
2025-06-24 13:42:23,701 - Thread-2 (update_image_threading) - rand data lock aquired
2025-06-24 13:42:23,701 - Thread-2 (update_image_threading) - rand data lock released
2025-06-24 13:42:23,780 - Thread-2 (update_image_threading) - update_image completed
2025-06-24 13:42:23,780 - Thread-2 (update_image_threading) - update_image_threading attempting to aquire data lock
2025-06-24 13:42:23,780 - Thread-2 (update_image_threading) - update_image_threading aquired data lock
2025-06-24 13:42:23,780 - Thread-2 (update_image_threading) - update_image_threading released data lock
2025-06-24 13:42:26,043 - Thread-1 (arduino_connect) - arduino_connect attempting to aquire data lock
2025-06-24 13:42:26,058 - Thread-1 (arduino_connect) - arduino_connect aquired data lock
2025-06-24 13:42:26,058 - Thread-1 (arduino_connect) - arduino_connect released data lock
2025-06-24 13:42:26,058 - Thread-3 (process_arduino_data) - process_arduino_data received data: hole=A0, stick=Yellow
2025-06-24 13:42:26,058 - Thread-3 (process_arduino_data) - process_arduino_data attempting to aquire data lock
2025-06-24 13:42:26,058 - Thread-3 (process_arduino_data) - process_arduino_data aquired data lock
2025-06-24 13:42:26,144 - Thread-2 (update_image_threading) - update_image called
2025-06-24 13:42:26,567 - Thread-2 (update_image_threading) - blur attempting to aquire data lock
2025-06-24 13:42:26,583 - Thread-2 (update_image_threading) - blur aquired data lock
2025-06-24 13:42:26,583 - Thread-2 (update_image_threading) - blur released data lock
2025-06-24 13:42:26,854 - Thread-2 (update_image_threading) - rand attempting to aquire data lock: Place the Red Stick in Hole C2
2025-06-24 13:42:26,870 - Thread-2 (update_image_threading) - rand data lock aquired
2025-06-24 13:42:26,870 - Thread-2 (update_image_threading) - rand data lock released
2025-06-24 13:42:26,934 - Thread-2 (update_image_threading) - update_image completed
2025-06-24 13:42:26,934 - Thread-2 (update_image_threading) - update_image_threading attempting to aquire data lock
2025-06-24 13:42:26,934 - Thread-2 (update_image_threading) - update_image_threading aquired data lock
2025-06-24 13:42:26,934 - Thread-2 (update_image_threading) - update_image_threading released data lock
2025-06-24 13:42:29,594 - Thread-1 (arduino_connect) - arduino_connect attempting to aquire data lock
2025-06-24 13:42:29,609 - Thread-1 (arduino_connect) - arduino_connect aquired data lock
2025-06-24 13:42:29,609 - Thread-1 (arduino_connect) - arduino_connect released data lock
2025-06-24 13:42:29,609 - Thread-3 (process_arduino_data) - process_arduino_data received data: hole=A9, stick=Yellow
2025-06-24 13:42:29,609 - Thread-3 (process_arduino_data) - process_arduino_data attempting to aquire data lock
2025-06-24 13:42:29,609 - Thread-3 (process_arduino_data) - process_arduino_data aquired data lock
2025-06-24 13:42:29,678 - Thread-2 (update_image_threading) - update_image called
2025-06-24 13:42:29,932 - Thread-2 (update_image_threading) - blur attempting to aquire data lock
2025-06-24 13:42:29,948 - Thread-2 (update_image_threading) - blur aquired data lock
2025-06-24 13:42:29,948 - Thread-2 (update_image_threading) - blur released data lock
2025-06-24 13:42:30,234 - Thread-2 (update_image_threading) - rand attempting to aquire data lock: Place the Red Stick in Hole D2
2025-06-24 13:42:30,250 - Thread-2 (update_image_threading) - rand data lock aquired
2025-06-24 13:42:30,250 - Thread-2 (update_image_threading) - rand data lock released
2025-06-24 13:42:30,298 - Thread-2 (update_image_threading) - update_image completed
2025-06-24 13:42:30,330 - Thread-2 (update_image_threading) - update_image_threading attempting to aquire data lock
2025-06-24 13:42:30,330 - Thread-2 (update_image_threading) - update_image_threading aquired data lock
2025-06-24 13:42:30,330 - Thread-2 (update_image_threading) - update_image_threading released data lock
2025-06-24 13:42:33,372 - MainThread - nextButton attempting to aquire data lock
2025-06-24 13:42:33,387 - MainThread - nextButton aquired data lock
2025-06-24 13:42:33,387 - MainThread - update_image called
2025-06-24 13:42:35,713 - MainThread - blur attempting to aquire data lock
2025-06-24 13:42:35,729 - MainThread - blur aquired data lock
2025-06-24 13:42:35,729 - MainThread - blur released data lock
2025-06-24 13:42:35,809 - MainThread - rand attempting to aquire data lock: Place the Red Stick in Hole D1
2025-06-24 13:42:35,825 - MainThread - rand data lock aquired
2025-06-24 13:42:35,825 - MainThread - rand data lock released
2025-06-24 13:42:35,857 - MainThread - update_image completed
2025-06-24 13:42:35,889 - MainThread - nextButton released data lock
