2024-08-13 15:17:35,236 - MainThread - getImage attempting to aquire data lock
2024-08-13 15:17:35,236 - MainThread - getImage aquired data lock
2024-08-13 15:17:35,236 - MainThread - getImage released data lock
2024-08-13 15:17:35,787 - MainThread - blur attempting to aquire data lock
2024-08-13 15:17:35,787 - MainThread - blur aquired data lock
2024-08-13 15:17:35,787 - MainThread - blur released data lock
2024-08-13 15:17:35,787 - MainThread - rand attempting to aquire data lock
2024-08-13 15:17:35,787 - MainThread - rand data lock aquired
2024-08-13 15:17:35,787 - MainThread - rand data lock released
2024-08-13 15:17:37,272 - Thread-1 (arduino_connect) - arduino_connect attempting to aquire data lock
2024-08-13 15:17:37,272 - Thread-1 (arduino_connect) - arduino_connect aquired data lock
2024-08-13 15:17:37,288 - Thread-1 (arduino_connect) - arduino_connect released data lock
2024-08-13 15:17:37,306 - Thread-3 (process_arduino_data) - process_arduino_data attempting to aquire data lock
2024-08-13 15:17:37,306 - Thread-3 (process_arduino_data) - process_arduino_data aquired data lock
2024-08-13 15:17:37,306 - Thread-3 (process_arduino_data) - process_arduino_data released data lock
2024-08-13 15:17:37,571 - Thread-2 (update_image_threading) - blur attempting to aquire data lock
2024-08-13 15:17:37,571 - Thread-2 (update_image_threading) - blur aquired data lock
2024-08-13 15:17:37,571 - Thread-2 (update_image_threading) - blur released data lock
2024-08-13 15:17:37,571 - Thread-2 (update_image_threading) - rand attempting to aquire data lock
2024-08-13 15:17:37,571 - Thread-2 (update_image_threading) - rand data lock aquired
2024-08-13 15:17:37,571 - Thread-2 (update_image_threading) - rand data lock released
2024-08-13 15:17:37,571 - Thread-2 (update_image_threading) - update_image_threading attempting to aquire data lock
2024-08-13 15:17:37,571 - Thread-2 (update_image_threading) - update_image_threading aquired data lock
2024-08-13 15:17:37,571 - Thread-2 (update_image_threading) - update_image_threading released data lock
2024-08-13 15:17:37,791 - Thread-1 (arduino_connect) - arduino_connect attempting to aquire data lock
2024-08-13 15:17:37,791 - Thread-1 (arduino_connect) - arduino_connect aquired data lock
2024-08-13 15:17:37,791 - Thread-1 (arduino_connect) - arduino_connect released data lock
2024-08-13 15:17:37,807 - Thread-3 (process_arduino_data) - process_arduino_data attempting to aquire data lock
2024-08-13 15:17:37,807 - Thread-3 (process_arduino_data) - process_arduino_data aquired data lock
2024-08-13 15:17:37,807 - Thread-3 (process_arduino_data) - process_arduino_data released data lock
2024-08-13 15:17:38,043 - Thread-2 (update_image_threading) - blur attempting to aquire data lock
2024-08-13 15:17:38,043 - Thread-2 (update_image_threading) - blur aquired data lock
2024-08-13 15:17:38,043 - Thread-2 (update_image_threading) - blur released data lock
2024-08-13 15:17:38,043 - Thread-2 (update_image_threading) - rand attempting to aquire data lock
2024-08-13 15:17:38,043 - Thread-2 (update_image_threading) - rand data lock aquired
2024-08-13 15:17:38,043 - Thread-2 (update_image_threading) - rand data lock released
2024-08-13 15:17:38,043 - Thread-2 (update_image_threading) - update_image_threading attempting to aquire data lock
2024-08-13 15:17:38,043 - Thread-2 (update_image_threading) - update_image_threading aquired data lock
2024-08-13 15:17:38,043 - Thread-2 (update_image_threading) - update_image_threading released data lock
2024-08-13 15:17:38,279 - Thread-1 (arduino_connect) - arduino_connect attempting to aquire data lock
2024-08-13 15:17:38,279 - Thread-1 (arduino_connect) - arduino_connect aquired data lock
2024-08-13 15:17:38,279 - Thread-1 (arduino_connect) - arduino_connect released data lock
2024-08-13 15:17:38,308 - Thread-3 (process_arduino_data) - process_arduino_data attempting to aquire data lock
2024-08-13 15:17:38,308 - Thread-3 (process_arduino_data) - process_arduino_data aquired data lock
2024-08-13 15:17:38,308 - Thread-3 (process_arduino_data) - process_arduino_data released data lock
2024-08-13 15:17:38,515 - Thread-2 (update_image_threading) - blur attempting to aquire data lock
2024-08-13 15:17:38,515 - Thread-2 (update_image_threading) - blur aquired data lock
2024-08-13 15:17:38,515 - Thread-2 (update_image_threading) - blur released data lock
2024-08-13 15:17:38,515 - Thread-2 (update_image_threading) - rand attempting to aquire data lock
2024-08-13 15:17:38,515 - Thread-2 (update_image_threading) - rand data lock aquired
2024-08-13 15:17:38,515 - Thread-2 (update_image_threading) - rand data lock released
2024-08-13 15:17:38,515 - Thread-2 (update_image_threading) - update_image_threading attempting to aquire data lock
2024-08-13 15:17:38,515 - Thread-2 (update_image_threading) - update_image_threading aquired data lock
2024-08-13 15:17:38,515 - Thread-2 (update_image_threading) - update_image_threading released data lock
2024-08-13 15:17:38,782 - Thread-1 (arduino_connect) - arduino_connect attempting to aquire data lock
2024-08-13 15:17:38,782 - Thread-1 (arduino_connect) - arduino_connect aquired data lock
2024-08-13 15:17:38,782 - Thread-1 (arduino_connect) - arduino_connect released data lock
2024-08-13 15:17:38,809 - Thread-3 (process_arduino_data) - process_arduino_data attempting to aquire data lock
2024-08-13 15:17:38,809 - Thread-3 (process_arduino_data) - process_arduino_data aquired data lock
2024-08-13 15:17:38,809 - Thread-3 (process_arduino_data) - process_arduino_data released data lock
2024-08-13 15:17:38,986 - Thread-2 (update_image_threading) - blur attempting to aquire data lock
2024-08-13 15:17:38,986 - Thread-2 (update_image_threading) - blur aquired data lock
2024-08-13 15:17:38,986 - Thread-2 (update_image_threading) - blur released data lock
2024-08-13 15:17:38,986 - Thread-2 (update_image_threading) - rand attempting to aquire data lock
2024-08-13 15:17:38,986 - Thread-2 (update_image_threading) - rand data lock aquired
2024-08-13 15:17:38,986 - Thread-2 (update_image_threading) - rand data lock released
2024-08-13 15:17:38,986 - Thread-2 (update_image_threading) - update_image_threading attempting to aquire data lock
2024-08-13 15:17:38,986 - Thread-2 (update_image_threading) - update_image_threading aquired data lock
2024-08-13 15:17:38,986 - Thread-2 (update_image_threading) - update_image_threading released data lock
2024-08-13 15:17:39,293 - Thread-1 (arduino_connect) - arduino_connect attempting to aquire data lock
2024-08-13 15:17:39,293 - Thread-1 (arduino_connect) - arduino_connect aquired data lock
2024-08-13 15:17:39,293 - Thread-1 (arduino_connect) - arduino_connect released data lock
2024-08-13 15:17:39,310 - Thread-3 (process_arduino_data) - process_arduino_data attempting to aquire data lock
2024-08-13 15:17:39,310 - Thread-3 (process_arduino_data) - process_arduino_data aquired data lock
2024-08-13 15:17:39,310 - Thread-3 (process_arduino_data) - process_arduino_data released data lock
2024-08-13 15:17:39,794 - Thread-1 (arduino_connect) - arduino_connect attempting to aquire data lock
2024-08-13 15:17:39,794 - Thread-1 (arduino_connect) - arduino_connect aquired data lock
2024-08-13 15:17:39,794 - Thread-1 (arduino_connect) - arduino_connect released data lock
2024-08-13 15:17:39,810 - Thread-3 (process_arduino_data) - process_arduino_data attempting to aquire data lock
2024-08-13 15:17:39,810 - Thread-3 (process_arduino_data) - process_arduino_data aquired data lock
2024-08-13 15:17:39,810 - Thread-3 (process_arduino_data) - process_arduino_data released data lock
2024-08-13 15:17:40,120 - MainThread - nextButton attempting to aquire data lock
2024-08-13 15:17:40,120 - MainThread - nextButton aquired data lock
2024-08-13 15:17:40,120 - MainThread - nextButton released data lock
2024-08-13 15:17:40,292 - Thread-1 (arduino_connect) - arduino_connect attempting to aquire data lock
2024-08-13 15:17:40,292 - Thread-1 (arduino_connect) - arduino_connect aquired data lock
2024-08-13 15:17:40,292 - Thread-1 (arduino_connect) - arduino_connect released data lock
2024-08-13 15:17:40,308 - Thread-2 (update_image_threading) - blur attempting to aquire data lock
2024-08-13 15:17:40,308 - Thread-2 (update_image_threading) - blur aquired data lock
2024-08-13 15:17:40,308 - Thread-2 (update_image_threading) - blur released data lock
2024-08-13 15:17:40,312 - Thread-3 (process_arduino_data) - process_arduino_data attempting to aquire data lock
2024-08-13 15:17:40,312 - Thread-3 (process_arduino_data) - process_arduino_data aquired data lock
2024-08-13 15:17:40,312 - Thread-3 (process_arduino_data) - process_arduino_data released data lock
2024-08-13 15:17:40,312 - Thread-2 (update_image_threading) - rand attempting to aquire data lock
2024-08-13 15:17:40,312 - Thread-2 (update_image_threading) - rand data lock aquired
2024-08-13 15:17:40,312 - Thread-2 (update_image_threading) - rand data lock released
2024-08-13 15:17:40,312 - Thread-2 (update_image_threading) - update_image_threading attempting to aquire data lock
2024-08-13 15:17:40,312 - Thread-2 (update_image_threading) - update_image_threading aquired data lock
2024-08-13 15:17:40,312 - Thread-2 (update_image_threading) - update_image_threading released data lock
2024-08-13 15:17:40,795 - Thread-1 (arduino_connect) - arduino_connect attempting to aquire data lock
2024-08-13 15:17:40,795 - Thread-1 (arduino_connect) - arduino_connect aquired data lock
2024-08-13 15:17:40,795 - Thread-1 (arduino_connect) - arduino_connect released data lock
2024-08-13 15:17:40,814 - Thread-3 (process_arduino_data) - process_arduino_data attempting to aquire data lock
2024-08-13 15:17:40,814 - Thread-3 (process_arduino_data) - process_arduino_data aquired data lock
2024-08-13 15:17:40,814 - Thread-3 (process_arduino_data) - process_arduino_data released data lock
2024-08-13 15:17:40,921 - Thread-2 (update_image_threading) - blur attempting to aquire data lock
2024-08-13 15:17:40,921 - Thread-2 (update_image_threading) - blur aquired data lock
2024-08-13 15:17:40,921 - Thread-2 (update_image_threading) - blur released data lock
2024-08-13 15:17:40,921 - Thread-2 (update_image_threading) - rand attempting to aquire data lock
2024-08-13 15:17:40,921 - Thread-2 (update_image_threading) - rand data lock aquired
2024-08-13 15:17:40,921 - Thread-2 (update_image_threading) - rand data lock released
2024-08-13 15:17:40,921 - Thread-2 (update_image_threading) - update_image_threading attempting to aquire data lock
2024-08-13 15:17:40,921 - Thread-2 (update_image_threading) - update_image_threading aquired data lock
2024-08-13 15:17:40,921 - Thread-2 (update_image_threading) - update_image_threading released data lock
2024-08-13 15:17:41,298 - Thread-1 (arduino_connect) - arduino_connect attempting to aquire data lock
2024-08-13 15:17:41,298 - Thread-1 (arduino_connect) - arduino_connect aquired data lock
2024-08-13 15:17:41,298 - Thread-1 (arduino_connect) - arduino_connect released data lock
2024-08-13 15:17:41,315 - Thread-3 (process_arduino_data) - process_arduino_data attempting to aquire data lock
2024-08-13 15:17:41,315 - Thread-3 (process_arduino_data) - process_arduino_data aquired data lock
2024-08-13 15:17:41,315 - Thread-3 (process_arduino_data) - process_arduino_data released data lock
2024-08-13 15:17:41,440 - Thread-2 (update_image_threading) - blur attempting to aquire data lock
2024-08-13 15:17:41,440 - Thread-2 (update_image_threading) - blur aquired data lock
2024-08-13 15:17:41,440 - Thread-2 (update_image_threading) - blur released data lock
2024-08-13 15:17:41,440 - Thread-2 (update_image_threading) - rand attempting to aquire data lock
2024-08-13 15:17:41,440 - Thread-2 (update_image_threading) - rand data lock aquired
2024-08-13 15:17:41,440 - Thread-2 (update_image_threading) - rand data lock released
2024-08-13 15:17:41,440 - Thread-2 (update_image_threading) - update_image_threading attempting to aquire data lock
2024-08-13 15:17:41,440 - Thread-2 (update_image_threading) - update_image_threading aquired data lock
2024-08-13 15:17:41,440 - Thread-2 (update_image_threading) - update_image_threading released data lock
2024-08-13 15:17:41,786 - Thread-1 (arduino_connect) - arduino_connect attempting to aquire data lock
2024-08-13 15:17:41,786 - Thread-1 (arduino_connect) - arduino_connect aquired data lock
2024-08-13 15:17:41,786 - Thread-1 (arduino_connect) - arduino_connect released data lock
2024-08-13 15:17:41,816 - Thread-3 (process_arduino_data) - process_arduino_data attempting to aquire data lock
2024-08-13 15:17:41,816 - Thread-3 (process_arduino_data) - process_arduino_data aquired data lock
2024-08-13 15:17:41,816 - Thread-3 (process_arduino_data) - process_arduino_data released data lock
2024-08-13 15:17:41,959 - Thread-2 (update_image_threading) - blur attempting to aquire data lock
2024-08-13 15:17:41,959 - Thread-2 (update_image_threading) - blur aquired data lock
2024-08-13 15:17:41,959 - Thread-2 (update_image_threading) - blur released data lock
2024-08-13 15:17:41,959 - Thread-2 (update_image_threading) - rand attempting to aquire data lock
2024-08-13 15:17:41,959 - Thread-2 (update_image_threading) - rand data lock aquired
2024-08-13 15:17:41,959 - Thread-2 (update_image_threading) - rand data lock released
2024-08-13 15:17:41,959 - Thread-2 (update_image_threading) - update_image_threading attempting to aquire data lock
2024-08-13 15:17:41,959 - Thread-2 (update_image_threading) - update_image_threading aquired data lock
2024-08-13 15:17:41,959 - Thread-2 (update_image_threading) - update_image_threading released data lock
2024-08-13 15:17:42,289 - Thread-1 (arduino_connect) - arduino_connect attempting to aquire data lock
2024-08-13 15:17:42,289 - Thread-1 (arduino_connect) - arduino_connect aquired data lock
2024-08-13 15:17:42,289 - Thread-1 (arduino_connect) - arduino_connect released data lock
2024-08-13 15:17:42,316 - Thread-3 (process_arduino_data) - process_arduino_data attempting to aquire data lock
2024-08-13 15:17:42,316 - Thread-3 (process_arduino_data) - process_arduino_data aquired data lock
2024-08-13 15:17:42,316 - Thread-3 (process_arduino_data) - process_arduino_data released data lock
2024-08-13 15:17:42,478 - Thread-2 (update_image_threading) - blur attempting to aquire data lock
2024-08-13 15:17:42,478 - Thread-2 (update_image_threading) - blur aquired data lock
2024-08-13 15:17:42,478 - Thread-2 (update_image_threading) - blur released data lock
2024-08-13 15:17:42,478 - Thread-2 (update_image_threading) - rand attempting to aquire data lock
2024-08-13 15:17:42,478 - Thread-2 (update_image_threading) - rand data lock aquired
2024-08-13 15:17:42,478 - Thread-2 (update_image_threading) - rand data lock released
2024-08-13 15:17:42,478 - Thread-2 (update_image_threading) - update_image_threading attempting to aquire data lock
2024-08-13 15:17:42,478 - Thread-2 (update_image_threading) - update_image_threading aquired data lock
2024-08-13 15:17:42,478 - Thread-2 (update_image_threading) - update_image_threading released data lock
2024-08-13 15:17:42,793 - Thread-1 (arduino_connect) - arduino_connect attempting to aquire data lock
2024-08-13 15:17:42,793 - Thread-1 (arduino_connect) - arduino_connect aquired data lock
2024-08-13 15:17:42,793 - Thread-1 (arduino_connect) - arduino_connect released data lock
2024-08-13 15:17:42,817 - Thread-3 (process_arduino_data) - process_arduino_data attempting to aquire data lock
2024-08-13 15:17:42,817 - Thread-3 (process_arduino_data) - process_arduino_data aquired data lock
2024-08-13 15:17:42,817 - Thread-3 (process_arduino_data) - process_arduino_data released data lock
2024-08-13 15:17:43,297 - Thread-1 (arduino_connect) - arduino_connect attempting to aquire data lock
2024-08-13 15:17:43,297 - Thread-1 (arduino_connect) - arduino_connect aquired data lock
2024-08-13 15:17:43,297 - Thread-1 (arduino_connect) - arduino_connect released data lock
2024-08-13 15:17:43,319 - Thread-3 (process_arduino_data) - process_arduino_data attempting to aquire data lock
2024-08-13 15:17:43,319 - Thread-3 (process_arduino_data) - process_arduino_data aquired data lock
2024-08-13 15:17:43,319 - Thread-3 (process_arduino_data) - process_arduino_data released data lock
2024-08-13 15:17:43,558 - MainThread - nextButton attempting to aquire data lock
2024-08-13 15:17:43,558 - MainThread - nextButton aquired data lock
2024-08-13 15:17:43,558 - MainThread - nextButton released data lock
2024-08-13 15:17:43,801 - Thread-1 (arduino_connect) - arduino_connect attempting to aquire data lock
2024-08-13 15:17:43,801 - Thread-1 (arduino_connect) - arduino_connect aquired data lock
2024-08-13 15:17:43,801 - Thread-1 (arduino_connect) - arduino_connect released data lock
2024-08-13 15:17:43,820 - Thread-3 (process_arduino_data) - process_arduino_data attempting to aquire data lock
2024-08-13 15:17:43,820 - Thread-3 (process_arduino_data) - process_arduino_data aquired data lock
2024-08-13 15:17:43,820 - Thread-3 (process_arduino_data) - process_arduino_data released data lock
2024-08-13 15:17:43,848 - Thread-2 (update_image_threading) - blur attempting to aquire data lock
2024-08-13 15:17:43,848 - Thread-2 (update_image_threading) - blur aquired data lock
2024-08-13 15:17:43,848 - Thread-2 (update_image_threading) - blur released data lock
2024-08-13 15:17:43,848 - Thread-2 (update_image_threading) - rand attempting to aquire data lock
2024-08-13 15:17:43,848 - Thread-2 (update_image_threading) - rand data lock aquired
2024-08-13 15:17:43,848 - Thread-2 (update_image_threading) - rand data lock released
2024-08-13 15:17:43,848 - Thread-2 (update_image_threading) - update_image_threading attempting to aquire data lock
2024-08-13 15:17:43,848 - Thread-2 (update_image_threading) - update_image_threading aquired data lock
2024-08-13 15:17:43,848 - Thread-2 (update_image_threading) - update_image_threading released data lock
2024-08-13 15:17:44,304 - Thread-1 (arduino_connect) - arduino_connect attempting to aquire data lock
2024-08-13 15:17:44,304 - Thread-1 (arduino_connect) - arduino_connect aquired data lock
2024-08-13 15:17:44,304 - Thread-1 (arduino_connect) - arduino_connect released data lock
2024-08-13 15:17:44,321 - Thread-3 (process_arduino_data) - process_arduino_data attempting to aquire data lock
2024-08-13 15:17:44,321 - Thread-3 (process_arduino_data) - process_arduino_data aquired data lock
2024-08-13 15:17:44,321 - Thread-3 (process_arduino_data) - process_arduino_data released data lock
2024-08-13 15:17:44,603 - Thread-2 (update_image_threading) - blur attempting to aquire data lock
2024-08-13 15:17:44,603 - Thread-2 (update_image_threading) - blur aquired data lock
2024-08-13 15:17:44,603 - Thread-2 (update_image_threading) - blur released data lock
2024-08-13 15:17:44,619 - Thread-2 (update_image_threading) - rand attempting to aquire data lock
2024-08-13 15:17:44,619 - Thread-2 (update_image_threading) - rand data lock aquired
2024-08-13 15:17:44,619 - Thread-2 (update_image_threading) - rand data lock released
2024-08-13 15:17:44,619 - Thread-2 (update_image_threading) - update_image_threading attempting to aquire data lock
2024-08-13 15:17:44,619 - Thread-2 (update_image_threading) - update_image_threading aquired data lock
2024-08-13 15:17:44,619 - Thread-2 (update_image_threading) - update_image_threading released data lock
2024-08-13 15:17:44,807 - Thread-1 (arduino_connect) - arduino_connect attempting to aquire data lock
2024-08-13 15:17:44,807 - Thread-1 (arduino_connect) - arduino_connect aquired data lock
2024-08-13 15:17:44,807 - Thread-1 (arduino_connect) - arduino_connect released data lock
2024-08-13 15:17:44,822 - Thread-3 (process_arduino_data) - process_arduino_data attempting to aquire data lock
2024-08-13 15:17:44,822 - Thread-3 (process_arduino_data) - process_arduino_data aquired data lock
2024-08-13 15:17:44,822 - Thread-3 (process_arduino_data) - process_arduino_data released data lock
2024-08-13 15:17:45,184 - Thread-2 (update_image_threading) - blur attempting to aquire data lock
2024-08-13 15:17:45,184 - Thread-2 (update_image_threading) - blur aquired data lock
2024-08-13 15:17:45,184 - Thread-2 (update_image_threading) - blur released data lock
2024-08-13 15:17:45,184 - Thread-2 (update_image_threading) - rand attempting to aquire data lock
2024-08-13 15:17:45,184 - Thread-2 (update_image_threading) - rand data lock aquired
2024-08-13 15:17:45,184 - Thread-2 (update_image_threading) - rand data lock released
2024-08-13 15:17:45,184 - Thread-2 (update_image_threading) - update_image_threading attempting to aquire data lock
2024-08-13 15:17:45,184 - Thread-2 (update_image_threading) - update_image_threading aquired data lock
2024-08-13 15:17:45,184 - Thread-2 (update_image_threading) - update_image_threading released data lock
2024-08-13 15:17:45,310 - Thread-1 (arduino_connect) - arduino_connect attempting to aquire data lock
2024-08-13 15:17:45,310 - Thread-1 (arduino_connect) - arduino_connect aquired data lock
2024-08-13 15:17:45,310 - Thread-1 (arduino_connect) - arduino_connect released data lock
2024-08-13 15:17:45,324 - Thread-3 (process_arduino_data) - process_arduino_data attempting to aquire data lock
2024-08-13 15:17:45,324 - Thread-3 (process_arduino_data) - process_arduino_data aquired data lock
2024-08-13 15:17:45,324 - Thread-3 (process_arduino_data) - process_arduino_data released data lock
2024-08-13 15:17:45,640 - Thread-2 (update_image_threading) - blur attempting to aquire data lock
2024-08-13 15:17:45,640 - Thread-2 (update_image_threading) - blur aquired data lock
2024-08-13 15:17:45,640 - Thread-2 (update_image_threading) - blur released data lock
2024-08-13 15:17:45,656 - Thread-2 (update_image_threading) - rand attempting to aquire data lock
2024-08-13 15:17:45,656 - Thread-2 (update_image_threading) - rand data lock aquired
2024-08-13 15:17:45,656 - Thread-2 (update_image_threading) - rand data lock released
2024-08-13 15:17:45,656 - Thread-2 (update_image_threading) - update_image_threading attempting to aquire data lock
2024-08-13 15:17:45,656 - Thread-2 (update_image_threading) - update_image_threading aquired data lock
2024-08-13 15:17:45,656 - Thread-2 (update_image_threading) - update_image_threading released data lock
2024-08-13 15:17:45,813 - Thread-1 (arduino_connect) - arduino_connect attempting to aquire data lock
2024-08-13 15:17:45,813 - Thread-1 (arduino_connect) - arduino_connect aquired data lock
2024-08-13 15:17:45,813 - Thread-1 (arduino_connect) - arduino_connect released data lock
2024-08-13 15:17:45,825 - Thread-3 (process_arduino_data) - process_arduino_data attempting to aquire data lock
2024-08-13 15:17:45,825 - Thread-3 (process_arduino_data) - process_arduino_data aquired data lock
2024-08-13 15:17:45,825 - Thread-3 (process_arduino_data) - process_arduino_data released data lock
2024-08-13 15:17:46,112 - Thread-2 (update_image_threading) - blur attempting to aquire data lock
2024-08-13 15:17:46,112 - Thread-2 (update_image_threading) - blur aquired data lock
2024-08-13 15:17:46,112 - Thread-2 (update_image_threading) - blur released data lock
2024-08-13 15:17:46,112 - Thread-2 (update_image_threading) - rand attempting to aquire data lock
2024-08-13 15:17:46,112 - Thread-2 (update_image_threading) - rand data lock aquired
2024-08-13 15:17:46,112 - Thread-2 (update_image_threading) - rand data lock released
2024-08-13 15:17:46,112 - Thread-2 (update_image_threading) - update_image_threading attempting to aquire data lock
2024-08-13 15:17:46,112 - Thread-2 (update_image_threading) - update_image_threading aquired data lock
2024-08-13 15:17:46,112 - Thread-2 (update_image_threading) - update_image_threading released data lock
2024-08-13 15:17:46,300 - Thread-1 (arduino_connect) - arduino_connect attempting to aquire data lock
2024-08-13 15:17:46,300 - Thread-1 (arduino_connect) - arduino_connect aquired data lock
2024-08-13 15:17:46,300 - Thread-1 (arduino_connect) - arduino_connect released data lock
2024-08-13 15:17:46,326 - Thread-3 (process_arduino_data) - process_arduino_data attempting to aquire data lock
2024-08-13 15:17:46,326 - Thread-3 (process_arduino_data) - process_arduino_data aquired data lock
2024-08-13 15:17:46,326 - Thread-3 (process_arduino_data) - process_arduino_data released data lock
2024-08-13 15:17:46,803 - Thread-1 (arduino_connect) - arduino_connect attempting to aquire data lock
2024-08-13 15:17:46,803 - Thread-1 (arduino_connect) - arduino_connect aquired data lock
2024-08-13 15:17:46,803 - Thread-1 (arduino_connect) - arduino_connect released data lock
2024-08-13 15:17:46,827 - Thread-3 (process_arduino_data) - process_arduino_data attempting to aquire data lock
2024-08-13 15:17:46,827 - Thread-3 (process_arduino_data) - process_arduino_data aquired data lock
2024-08-13 15:17:46,827 - Thread-3 (process_arduino_data) - process_arduino_data released data lock
2024-08-13 15:17:47,305 - Thread-1 (arduino_connect) - arduino_connect attempting to aquire data lock
2024-08-13 15:17:47,305 - Thread-1 (arduino_connect) - arduino_connect aquired data lock
2024-08-13 15:17:47,305 - Thread-1 (arduino_connect) - arduino_connect released data lock
2024-08-13 15:17:47,329 - Thread-3 (process_arduino_data) - process_arduino_data attempting to aquire data lock
2024-08-13 15:17:47,329 - Thread-3 (process_arduino_data) - process_arduino_data aquired data lock
2024-08-13 15:17:47,329 - Thread-3 (process_arduino_data) - process_arduino_data released data lock
2024-08-13 15:17:47,657 - MainThread - nextButton attempting to aquire data lock
2024-08-13 15:17:47,657 - MainThread - nextButton aquired data lock
2024-08-13 15:17:47,657 - MainThread - nextButton released data lock
2024-08-13 15:17:47,807 - Thread-1 (arduino_connect) - arduino_connect attempting to aquire data lock
2024-08-13 15:17:47,807 - Thread-1 (arduino_connect) - arduino_connect aquired data lock
2024-08-13 15:17:47,807 - Thread-1 (arduino_connect) - arduino_connect released data lock
2024-08-13 15:17:47,830 - Thread-3 (process_arduino_data) - process_arduino_data attempting to aquire data lock
2024-08-13 15:17:47,830 - Thread-3 (process_arduino_data) - process_arduino_data aquired data lock
2024-08-13 15:17:47,830 - Thread-3 (process_arduino_data) - process_arduino_data released data lock
2024-08-13 15:17:47,886 - Thread-2 (update_image_threading) - blur attempting to aquire data lock
2024-08-13 15:17:47,886 - Thread-2 (update_image_threading) - blur aquired data lock
2024-08-13 15:17:47,886 - Thread-2 (update_image_threading) - blur released data lock
2024-08-13 15:17:47,886 - Thread-2 (update_image_threading) - rand attempting to aquire data lock
2024-08-13 15:17:47,886 - Thread-2 (update_image_threading) - rand data lock aquired
2024-08-13 15:17:47,886 - Thread-2 (update_image_threading) - rand data lock released
2024-08-13 15:17:47,886 - Thread-2 (update_image_threading) - update_image_threading attempting to aquire data lock
2024-08-13 15:17:47,886 - Thread-2 (update_image_threading) - update_image_threading aquired data lock
2024-08-13 15:17:47,886 - Thread-2 (update_image_threading) - update_image_threading released data lock
2024-08-13 15:17:48,311 - Thread-1 (arduino_connect) - arduino_connect attempting to aquire data lock
2024-08-13 15:17:48,311 - Thread-1 (arduino_connect) - arduino_connect aquired data lock
2024-08-13 15:17:48,311 - Thread-1 (arduino_connect) - arduino_connect released data lock
2024-08-13 15:17:48,332 - Thread-3 (process_arduino_data) - process_arduino_data attempting to aquire data lock
2024-08-13 15:17:48,332 - Thread-3 (process_arduino_data) - process_arduino_data aquired data lock
2024-08-13 15:17:48,332 - Thread-3 (process_arduino_data) - process_arduino_data released data lock
2024-08-13 15:17:48,563 - Thread-2 (update_image_threading) - blur attempting to aquire data lock
2024-08-13 15:17:48,563 - Thread-2 (update_image_threading) - blur aquired data lock
2024-08-13 15:17:48,563 - Thread-2 (update_image_threading) - blur released data lock
2024-08-13 15:17:48,563 - Thread-2 (update_image_threading) - rand attempting to aquire data lock
2024-08-13 15:17:48,563 - Thread-2 (update_image_threading) - rand data lock aquired
2024-08-13 15:17:48,563 - Thread-2 (update_image_threading) - rand data lock released
2024-08-13 15:17:48,563 - Thread-2 (update_image_threading) - update_image_threading attempting to aquire data lock
2024-08-13 15:17:48,563 - Thread-2 (update_image_threading) - update_image_threading aquired data lock
2024-08-13 15:17:48,563 - Thread-2 (update_image_threading) - update_image_threading released data lock
2024-08-13 15:17:48,814 - Thread-1 (arduino_connect) - arduino_connect attempting to aquire data lock
2024-08-13 15:17:48,814 - Thread-1 (arduino_connect) - arduino_connect aquired data lock
2024-08-13 15:17:48,814 - Thread-1 (arduino_connect) - arduino_connect released data lock
2024-08-13 15:17:48,833 - Thread-3 (process_arduino_data) - process_arduino_data attempting to aquire data lock
2024-08-13 15:17:48,833 - Thread-3 (process_arduino_data) - process_arduino_data aquired data lock
2024-08-13 15:17:48,833 - Thread-3 (process_arduino_data) - process_arduino_data released data lock
2024-08-13 15:17:49,034 - Thread-2 (update_image_threading) - blur attempting to aquire data lock
2024-08-13 15:17:49,034 - Thread-2 (update_image_threading) - blur aquired data lock
2024-08-13 15:17:49,034 - Thread-2 (update_image_threading) - blur released data lock
2024-08-13 15:17:49,034 - Thread-2 (update_image_threading) - rand attempting to aquire data lock
2024-08-13 15:17:49,034 - Thread-2 (update_image_threading) - rand data lock aquired
2024-08-13 15:17:49,034 - Thread-2 (update_image_threading) - rand data lock released
2024-08-13 15:17:49,034 - Thread-2 (update_image_threading) - update_image_threading attempting to aquire data lock
2024-08-13 15:17:49,034 - Thread-2 (update_image_threading) - update_image_threading aquired data lock
2024-08-13 15:17:49,034 - Thread-2 (update_image_threading) - update_image_threading released data lock
2024-08-13 15:17:49,316 - Thread-1 (arduino_connect) - arduino_connect attempting to aquire data lock
2024-08-13 15:17:49,316 - Thread-1 (arduino_connect) - arduino_connect aquired data lock
2024-08-13 15:17:49,316 - Thread-1 (arduino_connect) - arduino_connect released data lock
2024-08-13 15:17:49,336 - Thread-3 (process_arduino_data) - process_arduino_data attempting to aquire data lock
2024-08-13 15:17:49,336 - Thread-3 (process_arduino_data) - process_arduino_data aquired data lock
2024-08-13 15:17:49,336 - Thread-3 (process_arduino_data) - process_arduino_data released data lock
2024-08-13 15:17:49,505 - Thread-2 (update_image_threading) - blur attempting to aquire data lock
2024-08-13 15:17:49,505 - Thread-2 (update_image_threading) - blur aquired data lock
2024-08-13 15:17:49,505 - Thread-2 (update_image_threading) - blur released data lock
2024-08-13 15:17:49,505 - Thread-2 (update_image_threading) - rand attempting to aquire data lock
2024-08-13 15:17:49,505 - Thread-2 (update_image_threading) - rand data lock aquired
2024-08-13 15:17:49,505 - Thread-2 (update_image_threading) - rand data lock released
2024-08-13 15:17:49,505 - Thread-2 (update_image_threading) - update_image_threading attempting to aquire data lock
2024-08-13 15:17:49,505 - Thread-2 (update_image_threading) - update_image_threading aquired data lock
2024-08-13 15:17:49,505 - Thread-2 (update_image_threading) - update_image_threading released data lock
2024-08-13 15:17:49,820 - Thread-1 (arduino_connect) - arduino_connect attempting to aquire data lock
2024-08-13 15:17:49,820 - Thread-1 (arduino_connect) - arduino_connect aquired data lock
2024-08-13 15:17:49,820 - Thread-1 (arduino_connect) - arduino_connect released data lock
2024-08-13 15:17:49,837 - Thread-3 (process_arduino_data) - process_arduino_data attempting to aquire data lock
2024-08-13 15:17:49,837 - Thread-3 (process_arduino_data) - process_arduino_data aquired data lock
2024-08-13 15:17:49,837 - Thread-3 (process_arduino_data) - process_arduino_data released data lock
2024-08-13 15:17:50,072 - Thread-2 (update_image_threading) - blur attempting to aquire data lock
2024-08-13 15:17:50,072 - Thread-2 (update_image_threading) - blur aquired data lock
2024-08-13 15:17:50,072 - Thread-2 (update_image_threading) - blur released data lock
2024-08-13 15:17:50,072 - Thread-2 (update_image_threading) - rand attempting to aquire data lock
2024-08-13 15:17:50,072 - Thread-2 (update_image_threading) - rand data lock aquired
2024-08-13 15:17:50,072 - Thread-2 (update_image_threading) - rand data lock released
2024-08-13 15:17:50,072 - Thread-2 (update_image_threading) - update_image_threading attempting to aquire data lock
2024-08-13 15:17:50,072 - Thread-2 (update_image_threading) - update_image_threading aquired data lock
2024-08-13 15:17:50,072 - Thread-2 (update_image_threading) - update_image_threading released data lock
2024-08-13 15:17:50,323 - Thread-1 (arduino_connect) - arduino_connect attempting to aquire data lock
2024-08-13 15:17:50,323 - Thread-1 (arduino_connect) - arduino_connect aquired data lock
2024-08-13 15:17:50,323 - Thread-1 (arduino_connect) - arduino_connect released data lock
2024-08-13 15:17:50,338 - Thread-3 (process_arduino_data) - process_arduino_data attempting to aquire data lock
2024-08-13 15:17:50,338 - Thread-3 (process_arduino_data) - process_arduino_data aquired data lock
2024-08-13 15:17:50,338 - Thread-3 (process_arduino_data) - process_arduino_data released data lock
2024-08-13 15:17:50,828 - Thread-1 (arduino_connect) - arduino_connect attempting to aquire data lock
2024-08-13 15:17:50,828 - Thread-1 (arduino_connect) - arduino_connect aquired data lock
2024-08-13 15:17:50,828 - Thread-1 (arduino_connect) - arduino_connect released data lock
2024-08-13 15:17:50,839 - Thread-3 (process_arduino_data) - process_arduino_data attempting to aquire data lock
2024-08-13 15:17:50,839 - Thread-3 (process_arduino_data) - process_arduino_data aquired data lock
2024-08-13 15:17:50,839 - Thread-3 (process_arduino_data) - process_arduino_data released data lock
2024-08-13 15:17:51,254 - MainThread - nextButton attempting to aquire data lock
2024-08-13 15:17:51,254 - MainThread - nextButton aquired data lock
2024-08-13 15:17:51,254 - MainThread - nextButton released data lock
2024-08-13 15:17:51,317 - Thread-1 (arduino_connect) - arduino_connect attempting to aquire data lock
2024-08-13 15:17:51,317 - Thread-1 (arduino_connect) - arduino_connect aquired data lock
2024-08-13 15:17:51,317 - Thread-1 (arduino_connect) - arduino_connect released data lock
2024-08-13 15:17:51,340 - Thread-3 (process_arduino_data) - process_arduino_data attempting to aquire data lock
2024-08-13 15:17:51,340 - Thread-3 (process_arduino_data) - process_arduino_data aquired data lock
2024-08-13 15:17:51,340 - Thread-3 (process_arduino_data) - process_arduino_data released data lock
2024-08-13 15:17:51,395 - Thread-2 (update_image_threading) - blur attempting to aquire data lock
2024-08-13 15:17:51,395 - Thread-2 (update_image_threading) - blur aquired data lock
2024-08-13 15:17:51,395 - Thread-2 (update_image_threading) - blur released data lock
2024-08-13 15:17:51,395 - Thread-2 (update_image_threading) - rand attempting to aquire data lock
2024-08-13 15:17:51,395 - Thread-2 (update_image_threading) - rand data lock aquired
2024-08-13 15:17:51,395 - Thread-2 (update_image_threading) - rand data lock released
2024-08-13 15:17:51,395 - Thread-2 (update_image_threading) - update_image_threading attempting to aquire data lock
2024-08-13 15:17:51,395 - Thread-2 (update_image_threading) - update_image_threading aquired data lock
2024-08-13 15:17:51,395 - Thread-2 (update_image_threading) - update_image_threading released data lock
2024-08-13 15:17:51,820 - Thread-1 (arduino_connect) - arduino_connect attempting to aquire data lock
2024-08-13 15:17:51,820 - Thread-1 (arduino_connect) - arduino_connect aquired data lock
2024-08-13 15:17:51,820 - Thread-1 (arduino_connect) - arduino_connect released data lock
2024-08-13 15:17:51,841 - Thread-3 (process_arduino_data) - process_arduino_data attempting to aquire data lock
2024-08-13 15:17:51,841 - Thread-3 (process_arduino_data) - process_arduino_data aquired data lock
2024-08-13 15:17:51,841 - Thread-3 (process_arduino_data) - process_arduino_data released data lock
2024-08-13 15:17:52,009 - Thread-2 (update_image_threading) - blur attempting to aquire data lock
2024-08-13 15:17:52,009 - Thread-2 (update_image_threading) - blur aquired data lock
2024-08-13 15:17:52,009 - Thread-2 (update_image_threading) - blur released data lock
2024-08-13 15:17:52,009 - Thread-2 (update_image_threading) - rand attempting to aquire data lock
2024-08-13 15:17:52,009 - Thread-2 (update_image_threading) - rand data lock aquired
2024-08-13 15:17:52,009 - Thread-2 (update_image_threading) - rand data lock released
2024-08-13 15:17:52,009 - Thread-2 (update_image_threading) - update_image_threading attempting to aquire data lock
2024-08-13 15:17:52,009 - Thread-2 (update_image_threading) - update_image_threading aquired data lock
2024-08-13 15:17:52,009 - Thread-2 (update_image_threading) - update_image_threading released data lock
2024-08-13 15:17:52,323 - Thread-1 (arduino_connect) - arduino_connect attempting to aquire data lock
2024-08-13 15:17:52,323 - Thread-1 (arduino_connect) - arduino_connect aquired data lock
2024-08-13 15:17:52,323 - Thread-1 (arduino_connect) - arduino_connect released data lock
2024-08-13 15:17:52,343 - Thread-3 (process_arduino_data) - process_arduino_data attempting to aquire data lock
2024-08-13 15:17:52,343 - Thread-3 (process_arduino_data) - process_arduino_data aquired data lock
2024-08-13 15:17:52,343 - Thread-3 (process_arduino_data) - process_arduino_data released data lock
2024-08-13 15:17:52,528 - Thread-2 (update_image_threading) - blur attempting to aquire data lock
2024-08-13 15:17:52,528 - Thread-2 (update_image_threading) - blur aquired data lock
2024-08-13 15:17:52,528 - Thread-2 (update_image_threading) - blur released data lock
2024-08-13 15:17:52,528 - Thread-2 (update_image_threading) - rand attempting to aquire data lock
2024-08-13 15:17:52,528 - Thread-2 (update_image_threading) - rand data lock aquired
2024-08-13 15:17:52,528 - Thread-2 (update_image_threading) - rand data lock released
2024-08-13 15:17:52,528 - Thread-2 (update_image_threading) - update_image_threading attempting to aquire data lock
2024-08-13 15:17:52,528 - Thread-2 (update_image_threading) - update_image_threading aquired data lock
2024-08-13 15:17:52,528 - Thread-2 (update_image_threading) - update_image_threading released data lock
2024-08-13 15:17:52,825 - Thread-1 (arduino_connect) - arduino_connect attempting to aquire data lock
2024-08-13 15:17:52,825 - Thread-1 (arduino_connect) - arduino_connect aquired data lock
2024-08-13 15:17:52,825 - Thread-1 (arduino_connect) - arduino_connect released data lock
2024-08-13 15:17:52,844 - Thread-3 (process_arduino_data) - process_arduino_data attempting to aquire data lock
2024-08-13 15:17:52,844 - Thread-3 (process_arduino_data) - process_arduino_data aquired data lock
2024-08-13 15:17:52,844 - Thread-3 (process_arduino_data) - process_arduino_data released data lock
2024-08-13 15:17:53,046 - Thread-2 (update_image_threading) - blur attempting to aquire data lock
2024-08-13 15:17:53,046 - Thread-2 (update_image_threading) - blur aquired data lock
2024-08-13 15:17:53,046 - Thread-2 (update_image_threading) - blur released data lock
2024-08-13 15:17:53,046 - Thread-2 (update_image_threading) - rand attempting to aquire data lock
2024-08-13 15:17:53,046 - Thread-2 (update_image_threading) - rand data lock aquired
2024-08-13 15:17:53,046 - Thread-2 (update_image_threading) - rand data lock released
2024-08-13 15:17:53,046 - Thread-2 (update_image_threading) - update_image_threading attempting to aquire data lock
2024-08-13 15:17:53,046 - Thread-2 (update_image_threading) - update_image_threading aquired data lock
2024-08-13 15:17:53,046 - Thread-2 (update_image_threading) - update_image_threading released data lock
2024-08-13 15:17:53,329 - Thread-1 (arduino_connect) - arduino_connect attempting to aquire data lock
2024-08-13 15:17:53,329 - Thread-1 (arduino_connect) - arduino_connect aquired data lock
2024-08-13 15:17:53,329 - Thread-1 (arduino_connect) - arduino_connect released data lock
2024-08-13 15:17:53,345 - Thread-3 (process_arduino_data) - process_arduino_data attempting to aquire data lock
2024-08-13 15:17:53,345 - Thread-3 (process_arduino_data) - process_arduino_data aquired data lock
2024-08-13 15:17:53,345 - Thread-3 (process_arduino_data) - process_arduino_data released data lock
2024-08-13 15:17:53,455 - Thread-2 (update_image_threading) - blur attempting to aquire data lock
2024-08-13 15:17:53,455 - Thread-2 (update_image_threading) - blur aquired data lock
2024-08-13 15:17:53,455 - Thread-2 (update_image_threading) - blur released data lock
2024-08-13 15:17:53,471 - Thread-2 (update_image_threading) - rand attempting to aquire data lock
2024-08-13 15:17:53,471 - Thread-2 (update_image_threading) - rand data lock aquired
2024-08-13 15:17:53,471 - Thread-2 (update_image_threading) - rand data lock released
2024-08-13 15:17:53,471 - Thread-2 (update_image_threading) - update_image_threading attempting to aquire data lock
2024-08-13 15:17:53,471 - Thread-2 (update_image_threading) - update_image_threading aquired data lock
2024-08-13 15:17:53,471 - Thread-2 (update_image_threading) - update_image_threading released data lock
2024-08-13 15:17:53,832 - Thread-1 (arduino_connect) - arduino_connect attempting to aquire data lock
2024-08-13 15:17:53,832 - Thread-1 (arduino_connect) - arduino_connect aquired data lock
2024-08-13 15:17:53,832 - Thread-1 (arduino_connect) - arduino_connect released data lock
2024-08-13 15:17:53,846 - Thread-3 (process_arduino_data) - process_arduino_data attempting to aquire data lock
2024-08-13 15:17:53,846 - Thread-3 (process_arduino_data) - process_arduino_data aquired data lock
2024-08-13 15:17:53,846 - Thread-3 (process_arduino_data) - process_arduino_data released data lock
2024-08-13 15:17:54,337 - Thread-1 (arduino_connect) - arduino_connect attempting to aquire data lock
2024-08-13 15:17:54,337 - Thread-1 (arduino_connect) - arduino_connect aquired data lock
2024-08-13 15:17:54,337 - Thread-1 (arduino_connect) - arduino_connect released data lock
2024-08-13 15:17:54,347 - Thread-3 (process_arduino_data) - process_arduino_data attempting to aquire data lock
2024-08-13 15:17:54,347 - Thread-3 (process_arduino_data) - process_arduino_data aquired data lock
2024-08-13 15:17:54,347 - Thread-3 (process_arduino_data) - process_arduino_data released data lock
2024-08-13 15:17:54,353 - MainThread - nextButton attempting to aquire data lock
2024-08-13 15:17:54,353 - MainThread - nextButton aquired data lock
2024-08-13 15:17:54,353 - MainThread - nextButton released data lock
2024-08-13 15:17:54,636 - Thread-2 (update_image_threading) - blur attempting to aquire data lock
2024-08-13 15:17:54,636 - Thread-2 (update_image_threading) - blur aquired data lock
2024-08-13 15:17:54,636 - Thread-2 (update_image_threading) - blur released data lock
2024-08-13 15:17:54,636 - Thread-2 (update_image_threading) - rand attempting to aquire data lock
2024-08-13 15:17:54,636 - Thread-2 (update_image_threading) - rand data lock aquired
2024-08-13 15:17:54,636 - Thread-2 (update_image_threading) - rand data lock released
2024-08-13 15:17:54,636 - Thread-2 (update_image_threading) - update_image_threading attempting to aquire data lock
2024-08-13 15:17:54,636 - Thread-2 (update_image_threading) - update_image_threading aquired data lock
2024-08-13 15:17:54,636 - Thread-2 (update_image_threading) - update_image_threading released data lock
2024-08-13 15:17:54,841 - Thread-1 (arduino_connect) - arduino_connect attempting to aquire data lock
2024-08-13 15:17:54,841 - Thread-1 (arduino_connect) - arduino_connect aquired data lock
2024-08-13 15:17:54,841 - Thread-1 (arduino_connect) - arduino_connect released data lock
2024-08-13 15:17:54,849 - Thread-3 (process_arduino_data) - process_arduino_data attempting to aquire data lock
2024-08-13 15:17:54,849 - Thread-3 (process_arduino_data) - process_arduino_data aquired data lock
2024-08-13 15:17:54,849 - Thread-3 (process_arduino_data) - process_arduino_data released data lock
2024-08-13 15:17:55,201 - Thread-2 (update_image_threading) - blur attempting to aquire data lock
2024-08-13 15:17:55,201 - Thread-2 (update_image_threading) - blur aquired data lock
2024-08-13 15:17:55,201 - Thread-2 (update_image_threading) - blur released data lock
2024-08-13 15:17:55,201 - Thread-2 (update_image_threading) - rand attempting to aquire data lock
2024-08-13 15:17:55,201 - Thread-2 (update_image_threading) - rand data lock aquired
2024-08-13 15:17:55,201 - Thread-2 (update_image_threading) - rand data lock released
2024-08-13 15:17:55,201 - Thread-2 (update_image_threading) - update_image_threading attempting to aquire data lock
2024-08-13 15:17:55,201 - Thread-2 (update_image_threading) - update_image_threading aquired data lock
2024-08-13 15:17:55,201 - Thread-2 (update_image_threading) - update_image_threading released data lock
2024-08-13 15:17:55,327 - Thread-1 (arduino_connect) - arduino_connect attempting to aquire data lock
2024-08-13 15:17:55,327 - Thread-1 (arduino_connect) - arduino_connect aquired data lock
2024-08-13 15:17:55,327 - Thread-1 (arduino_connect) - arduino_connect released data lock
2024-08-13 15:17:55,350 - Thread-3 (process_arduino_data) - process_arduino_data attempting to aquire data lock
2024-08-13 15:17:55,350 - Thread-3 (process_arduino_data) - process_arduino_data aquired data lock
2024-08-13 15:17:55,350 - Thread-3 (process_arduino_data) - process_arduino_data released data lock
2024-08-13 15:17:55,657 - Thread-2 (update_image_threading) - blur attempting to aquire data lock
2024-08-13 15:17:55,657 - Thread-2 (update_image_threading) - blur aquired data lock
2024-08-13 15:17:55,657 - Thread-2 (update_image_threading) - blur released data lock
2024-08-13 15:17:55,673 - Thread-2 (update_image_threading) - rand attempting to aquire data lock
2024-08-13 15:17:55,673 - Thread-2 (update_image_threading) - rand data lock aquired
2024-08-13 15:17:55,673 - Thread-2 (update_image_threading) - rand data lock released
2024-08-13 15:17:55,673 - Thread-2 (update_image_threading) - update_image_threading attempting to aquire data lock
2024-08-13 15:17:55,673 - Thread-2 (update_image_threading) - update_image_threading aquired data lock
2024-08-13 15:17:55,673 - Thread-2 (update_image_threading) - update_image_threading released data lock
2024-08-13 15:17:55,830 - Thread-1 (arduino_connect) - arduino_connect attempting to aquire data lock
2024-08-13 15:17:55,830 - Thread-1 (arduino_connect) - arduino_connect aquired data lock
2024-08-13 15:17:55,830 - Thread-1 (arduino_connect) - arduino_connect released data lock
2024-08-13 15:17:55,851 - Thread-3 (process_arduino_data) - process_arduino_data attempting to aquire data lock
2024-08-13 15:17:55,851 - Thread-3 (process_arduino_data) - process_arduino_data aquired data lock
2024-08-13 15:17:55,851 - Thread-3 (process_arduino_data) - process_arduino_data released data lock
2024-08-13 15:17:56,128 - Thread-2 (update_image_threading) - blur attempting to aquire data lock
2024-08-13 15:17:56,128 - Thread-2 (update_image_threading) - blur aquired data lock
2024-08-13 15:17:56,128 - Thread-2 (update_image_threading) - blur released data lock
2024-08-13 15:17:56,128 - Thread-2 (update_image_threading) - rand attempting to aquire data lock
2024-08-13 15:17:56,128 - Thread-2 (update_image_threading) - rand data lock aquired
2024-08-13 15:17:56,128 - Thread-2 (update_image_threading) - rand data lock released
2024-08-13 15:17:56,128 - Thread-2 (update_image_threading) - update_image_threading attempting to aquire data lock
2024-08-13 15:17:56,128 - Thread-2 (update_image_threading) - update_image_threading aquired data lock
2024-08-13 15:17:56,128 - Thread-2 (update_image_threading) - update_image_threading released data lock
2024-08-13 15:17:56,340 - Thread-1 (arduino_connect) - arduino_connect attempting to aquire data lock
2024-08-13 15:17:56,340 - Thread-1 (arduino_connect) - arduino_connect aquired data lock
2024-08-13 15:17:56,340 - Thread-1 (arduino_connect) - arduino_connect released data lock
2024-08-13 15:17:56,353 - Thread-3 (process_arduino_data) - process_arduino_data attempting to aquire data lock
2024-08-13 15:17:56,353 - Thread-3 (process_arduino_data) - process_arduino_data aquired data lock
2024-08-13 15:17:56,353 - Thread-3 (process_arduino_data) - process_arduino_data released data lock
2024-08-13 15:17:56,694 - Thread-2 (update_image_threading) - blur attempting to aquire data lock
2024-08-13 15:17:56,694 - Thread-2 (update_image_threading) - blur aquired data lock
2024-08-13 15:17:56,694 - Thread-2 (update_image_threading) - blur released data lock
2024-08-13 15:17:56,694 - Thread-2 (update_image_threading) - rand attempting to aquire data lock
2024-08-13 15:17:56,694 - Thread-2 (update_image_threading) - rand data lock aquired
2024-08-13 15:17:56,694 - Thread-2 (update_image_threading) - rand data lock released
2024-08-13 15:17:56,694 - Thread-2 (update_image_threading) - update_image_threading attempting to aquire data lock
2024-08-13 15:17:56,694 - Thread-2 (update_image_threading) - update_image_threading aquired data lock
2024-08-13 15:17:56,694 - Thread-2 (update_image_threading) - update_image_threading released data lock
2024-08-13 15:17:56,835 - Thread-1 (arduino_connect) - arduino_connect attempting to aquire data lock
2024-08-13 15:17:56,835 - Thread-1 (arduino_connect) - arduino_connect aquired data lock
2024-08-13 15:17:56,835 - Thread-1 (arduino_connect) - arduino_connect released data lock
2024-08-13 15:17:56,854 - Thread-3 (process_arduino_data) - process_arduino_data attempting to aquire data lock
2024-08-13 15:17:56,854 - Thread-3 (process_arduino_data) - process_arduino_data aquired data lock
2024-08-13 15:17:56,854 - Thread-3 (process_arduino_data) - process_arduino_data released data lock
2024-08-13 15:17:57,339 - Thread-1 (arduino_connect) - arduino_connect attempting to aquire data lock
2024-08-13 15:17:57,339 - Thread-1 (arduino_connect) - arduino_connect aquired data lock
2024-08-13 15:17:57,339 - Thread-1 (arduino_connect) - arduino_connect released data lock
2024-08-13 15:17:57,355 - Thread-3 (process_arduino_data) - process_arduino_data attempting to aquire data lock
2024-08-13 15:17:57,355 - Thread-3 (process_arduino_data) - process_arduino_data aquired data lock
2024-08-13 15:17:57,355 - Thread-3 (process_arduino_data) - process_arduino_data released data lock
2024-08-13 15:17:57,513 - MainThread - nextButton attempting to aquire data lock
2024-08-13 15:17:57,513 - MainThread - nextButton aquired data lock
2024-08-13 15:17:57,513 - MainThread - nextButton released data lock
2024-08-13 15:17:57,765 - Thread-2 (update_image_threading) - blur attempting to aquire data lock
2024-08-13 15:17:57,765 - Thread-2 (update_image_threading) - blur aquired data lock
2024-08-13 15:17:57,765 - Thread-2 (update_image_threading) - blur released data lock
2024-08-13 15:17:57,765 - Thread-2 (update_image_threading) - rand attempting to aquire data lock
2024-08-13 15:17:57,765 - Thread-2 (update_image_threading) - rand data lock aquired
2024-08-13 15:17:57,765 - Thread-2 (update_image_threading) - rand data lock released
2024-08-13 15:17:57,765 - Thread-2 (update_image_threading) - update_image_threading attempting to aquire data lock
2024-08-13 15:17:57,765 - Thread-2 (update_image_threading) - update_image_threading aquired data lock
2024-08-13 15:17:57,765 - Thread-2 (update_image_threading) - update_image_threading released data lock
2024-08-13 15:17:57,843 - Thread-1 (arduino_connect) - arduino_connect attempting to aquire data lock
2024-08-13 15:17:57,843 - Thread-1 (arduino_connect) - arduino_connect aquired data lock
2024-08-13 15:17:57,843 - Thread-1 (arduino_connect) - arduino_connect released data lock
2024-08-13 15:17:57,856 - Thread-3 (process_arduino_data) - process_arduino_data attempting to aquire data lock
2024-08-13 15:17:57,856 - Thread-3 (process_arduino_data) - process_arduino_data aquired data lock
2024-08-13 15:17:57,856 - Thread-3 (process_arduino_data) - process_arduino_data released data lock
2024-08-13 15:17:58,032 - Thread-2 (update_image_threading) - blur attempting to aquire data lock
2024-08-13 15:17:58,032 - Thread-2 (update_image_threading) - blur aquired data lock
2024-08-13 15:17:58,032 - Thread-2 (update_image_threading) - blur released data lock
2024-08-13 15:17:58,047 - Thread-2 (update_image_threading) - rand attempting to aquire data lock
2024-08-13 15:17:58,047 - Thread-2 (update_image_threading) - rand data lock aquired
2024-08-13 15:17:58,047 - Thread-2 (update_image_threading) - rand data lock released
2024-08-13 15:17:58,047 - Thread-2 (update_image_threading) - update_image_threading attempting to aquire data lock
2024-08-13 15:17:58,047 - Thread-2 (update_image_threading) - update_image_threading aquired data lock
2024-08-13 15:17:58,047 - Thread-2 (update_image_threading) - update_image_threading released data lock
2024-08-13 15:17:58,350 - Thread-1 (arduino_connect) - arduino_connect attempting to aquire data lock
2024-08-13 15:17:58,350 - Thread-1 (arduino_connect) - arduino_connect aquired data lock
2024-08-13 15:17:58,350 - Thread-1 (arduino_connect) - arduino_connect released data lock
2024-08-13 15:17:58,357 - Thread-3 (process_arduino_data) - process_arduino_data attempting to aquire data lock
2024-08-13 15:17:58,357 - Thread-3 (process_arduino_data) - process_arduino_data aquired data lock
2024-08-13 15:17:58,357 - Thread-3 (process_arduino_data) - process_arduino_data released data lock
2024-08-13 15:17:58,613 - Thread-2 (update_image_threading) - blur attempting to aquire data lock
2024-08-13 15:17:58,613 - Thread-2 (update_image_threading) - blur aquired data lock
2024-08-13 15:17:58,613 - Thread-2 (update_image_threading) - blur released data lock
2024-08-13 15:17:58,613 - Thread-2 (update_image_threading) - rand attempting to aquire data lock
2024-08-13 15:17:58,613 - Thread-2 (update_image_threading) - rand data lock aquired
2024-08-13 15:17:58,613 - Thread-2 (update_image_threading) - rand data lock released
2024-08-13 15:17:58,613 - Thread-2 (update_image_threading) - update_image_threading attempting to aquire data lock
2024-08-13 15:17:58,613 - Thread-2 (update_image_threading) - update_image_threading aquired data lock
2024-08-13 15:17:58,613 - Thread-2 (update_image_threading) - update_image_threading released data lock
2024-08-13 15:17:58,849 - Thread-1 (arduino_connect) - arduino_connect attempting to aquire data lock
2024-08-13 15:17:58,849 - Thread-1 (arduino_connect) - arduino_connect aquired data lock
2024-08-13 15:17:58,849 - Thread-1 (arduino_connect) - arduino_connect released data lock
2024-08-13 15:17:58,858 - Thread-3 (process_arduino_data) - process_arduino_data attempting to aquire data lock
2024-08-13 15:17:58,858 - Thread-3 (process_arduino_data) - process_arduino_data aquired data lock
2024-08-13 15:17:58,858 - Thread-3 (process_arduino_data) - process_arduino_data released data lock
2024-08-13 15:17:59,094 - Thread-2 (update_image_threading) - blur attempting to aquire data lock
2024-08-13 15:17:59,094 - Thread-2 (update_image_threading) - blur aquired data lock
2024-08-13 15:17:59,094 - Thread-2 (update_image_threading) - blur released data lock
2024-08-13 15:17:59,355 - Thread-1 (arduino_connect) - arduino_connect attempting to aquire data lock
2024-08-13 15:17:59,355 - Thread-1 (arduino_connect) - arduino_connect aquired data lock
2024-08-13 15:17:59,355 - Thread-1 (arduino_connect) - arduino_connect released data lock
2024-08-13 15:17:59,359 - Thread-3 (process_arduino_data) - process_arduino_data attempting to aquire data lock
2024-08-13 15:17:59,359 - Thread-3 (process_arduino_data) - process_arduino_data aquired data lock
2024-08-13 15:17:59,359 - Thread-3 (process_arduino_data) - process_arduino_data released data lock
